<?xml version="1.0" encoding="UTF-8"?>
<testsuite name="sprincube.accountservice.AccountServiceApplicationTests" tests="1" skipped="0" failures="0" errors="0" timestamp="2018-11-06T18:56:33" hostname="CA-L7HSMPH2" time="0.132">
  <properties/>
  <testcase name="contextLoads" classname="sprincube.accountservice.AccountServiceApplicationTests" time="0.132"/>
  <system-out><![CDATA[13:56:27.606 [Test worker] DEBUG org.springframework.test.context.junit4.SpringJUnit4ClassRunner - SpringJUnit4ClassRunner constructor called with [class sprincube.accountservice.AccountServiceApplicationTests]
13:56:27.622 [Test worker] DEBUG org.springframework.test.context.BootstrapUtils - Instantiating CacheAwareContextLoaderDelegate from class [org.springframework.test.context.cache.DefaultCacheAwareContextLoaderDelegate]
13:56:27.637 [Test worker] DEBUG org.springframework.test.context.BootstrapUtils - Instantiating BootstrapContext using constructor [public org.springframework.test.context.support.DefaultBootstrapContext(java.lang.Class,org.springframework.test.context.CacheAwareContextLoaderDelegate)]
13:56:27.659 [Test worker] DEBUG org.springframework.test.context.BootstrapUtils - Instantiating TestContextBootstrapper for test class [sprincube.accountservice.AccountServiceApplicationTests] from class [org.springframework.boot.test.context.SpringBootTestContextBootstrapper]
13:56:27.680 [Test worker] INFO org.springframework.boot.test.context.SpringBootTestContextBootstrapper - Neither @ContextConfiguration nor @ContextHierarchy found for test class [sprincube.accountservice.AccountServiceApplicationTests], using SpringBootContextLoader
13:56:27.684 [Test worker] DEBUG org.springframework.test.context.support.AbstractContextLoader - Did not detect default resource location for test class [sprincube.accountservice.AccountServiceApplicationTests]: class path resource [sprincube/accountservice/AccountServiceApplicationTests-context.xml] does not exist
13:56:27.685 [Test worker] DEBUG org.springframework.test.context.support.AbstractContextLoader - Did not detect default resource location for test class [sprincube.accountservice.AccountServiceApplicationTests]: class path resource [sprincube/accountservice/AccountServiceApplicationTestsContext.groovy] does not exist
13:56:27.685 [Test worker] INFO org.springframework.test.context.support.AbstractContextLoader - Could not detect default resource locations for test class [sprincube.accountservice.AccountServiceApplicationTests]: no resource found for suffixes {-context.xml, Context.groovy}.
13:56:27.686 [Test worker] INFO org.springframework.test.context.support.AnnotationConfigContextLoaderUtils - Could not detect default configuration classes for test class [sprincube.accountservice.AccountServiceApplicationTests]: AccountServiceApplicationTests does not declare any static, non-private, non-final, nested classes annotated with @Configuration.
13:56:27.743 [Test worker] DEBUG org.springframework.test.context.support.ActiveProfilesUtils - Could not find an 'annotation declaring class' for annotation type [org.springframework.test.context.ActiveProfiles] and class [sprincube.accountservice.AccountServiceApplicationTests]
13:56:27.755 [Test worker] DEBUG org.springframework.core.env.StandardEnvironment - Adding PropertySource 'systemProperties' with lowest search precedence
13:56:27.755 [Test worker] DEBUG org.springframework.core.env.StandardEnvironment - Adding PropertySource 'systemEnvironment' with lowest search precedence
13:56:27.756 [Test worker] DEBUG org.springframework.core.env.StandardEnvironment - Initialized StandardEnvironment with PropertySources [MapPropertySource@2040521228 {name='systemProperties', properties={java.runtime.name=Java(TM) SE Runtime Environment, sun.boot.library.path=C:\Program Files\Java\jdk1.8.0_181\jre\bin, java.vm.version=25.181-b13, java.vm.vendor=Oracle Corporation, java.vendor.url=http://java.oracle.com/, path.separator=;, java.vm.name=Java HotSpot(TM) 64-Bit Server VM, file.encoding.pkg=sun.io, user.script=, sun.java.launcher=SUN_STANDARD, user.country=CA, sun.os.patch.level=, java.vm.specification.name=Java Virtual Machine Specification, user.dir=C:\Users\darrel.ma\dev\old sprincube\account-service, java.runtime.version=1.8.0_181-b13, java.awt.graphicsenv=sun.awt.Win32GraphicsEnvironment, java.endorsed.dirs=C:\Program Files\Java\jdk1.8.0_181\jre\lib\endorsed, os.arch=amd64, java.io.tmpdir=C:\Users\darrel.ma\AppData\Local\Temp\, line.separator=
, java.vm.specification.vendor=Oracle Corporation, user.variant=, os.name=Windows 10, sun.jnu.encoding=Cp1252, java.library.path=C:\Program Files\Java\jdk1.8.0_181\bin;C:\WINDOWS\Sun\Java\bin;C:\WINDOWS\system32;C:\WINDOWS;C:\Program Files\Docker\Docker\Resources\bin;C:\Program Files (x86)\Common Files\Oracle\Java\javapath;C:\ProgramData\Oracle\Java\javapath;C:\WINDOWS\system32;C:\WINDOWS;C:\WINDOWS\System32\Wbem;C:\WINDOWS\System32\WindowsPowerShell\v1.0\;C:\Program Files (x86)\WebEx\Productivity Tools;C:\Program Files\Git\cmd;C:\Users\darrel.ma\AppData\Roaming\Cloud Foundry;C:\Users\darrel.ma\AppData\Local\Microsoft\WindowsApps;C:\Gradle\gradle-4.10\bin;C:\ProgramData\chocolatey\bin;C:\Go\bin;C:\Program Files\Apache\maven\bin;C:\Program Files\Java\jdk1.8.0_181\bin;C:\Users\darrel.ma\istio-1.0.2\bin;C:\Users\darrel.ma\go\bin;C:\Users\darrel.ma\AppData\Local\Microsoft\WindowsApps;C:\Gradle\gradle-4.10\bin;C:\Users\darrel.ma\go\bin;C:\Program Files\Java\jdk1.8.0_181\bin;C:\Users\darrel.ma\istio-1.0.2\bin;;., java.specification.name=Java Platform API Specification, java.class.version=52.0, org.gradle.native=false, sun.management.compiler=HotSpot 64-Bit Tiered Compilers, os.version=10.0, user.home=C:\Users\darrel.ma, user.timezone=America/New_York, java.awt.printerjob=sun.awt.windows.WPrinterJob, file.encoding=windows-1252, java.specification.version=1.8, java.class.path=C:\Users\darrel.ma\dev\old sprincube\account-service\build\classes\java\test;C:\Users\darrel.ma\dev\old sprincube\account-service\build\resources\test;C:\Users\darrel.ma\dev\old sprincube\account-service\build\classes\java\main;C:\Users\darrel.ma\dev\old sprincube\account-service\build\resources\main;C:\Users\darrel.ma\.gradle\caches\modules-2\files-2.1\org.springframework.boot\spring-boot-starter-groovy-templates\2.0.5.RELEASE\501a2a86b5bcb3b6971fffcf944e0b9a9059332a\spring-boot-starter-groovy-templates-2.0.5.RELEASE.jar;C:\Users\darrel.ma\.gradle\caches\modules-2\files-2.1\org.springframework.boot\spring-boot-starter-web\2.0.5.RELEASE\52daa1f1509bd637a737206e54c06a17aabb9504\spring-boot-starter-web-2.0.5.RELEASE.jar;C:\Users\darrel.ma\.gradle\caches\modules-2\files-2.1\io.opentracing.contrib\opentracing-spring-cloud-starter\0.1.7\fc46f7f2f846c3b5e52709425b8c6627d00ebad4\opentracing-spring-cloud-starter-0.1.7.jar;C:\Users\darrel.ma\.gradle\caches\modules-2\files-2.1\io.jaegertracing\jaeger-tracerresolver\0.29.0\1d6260b14435b61ca540c072b274ae5973239fad\jaeger-tracerresolver-0.29.0.jar;C:\Users\darrel.ma\.gradle\caches\modules-2\files-2.1\org.springframework.boot\spring-boot-devtools\2.0.5.RELEASE\9bd89be8e5d96477f8dd846fea4ced5954031d89\spring-boot-devtools-2.0.5.RELEASE.jar;C:\Users\darrel.ma\.gradle\caches\modules-2\files-2.1\org.springframework.boot\spring-boot-starter-test\2.0.5.RELEASE\ab04ca2e76f6a8e786001352a81a10e4b0e7fbc8\spring-boot-starter-test-2.0.5.RELEASE.jar;C:\Users\darrel.ma\.gradle\caches\modules-2\files-2.1\org.springframework.boot\spring-boot-starter-json\2.0.5.RELEASE\d0052ded4733ceb1fb7d927238f22f9a92099227\spring-boot-starter-json-2.0.5.RELEASE.jar;C:\Users\darrel.ma\.gradle\caches\modules-2\files-2.1\io.opentracing.contrib\opentracing-spring-cloud\0.1.7\6065676829297b659bd17945880f0c5089b8d761\opentracing-spring-cloud-0.1.7.jar;C:\Users\darrel.ma\.gradle\caches\modules-2\files-2.1\org.springframework.boot\spring-boot-starter-aop\2.0.5.RELEASE\6bc1e8bcc849772d48cae1e8278cd2b471361698\spring-boot-starter-aop-2.0.5.RELEASE.jar;C:\Users\darrel.ma\.gradle\caches\modules-2\files-2.1\org.springframework.boot\spring-boot-starter\2.0.5.RELEASE\1f53487a373be18d064a5815e9bac9882ef15cdc\spring-boot-starter-2.0.5.RELEASE.jar;C:\Users\darrel.ma\.gradle\caches\modules-2\files-2.1\org.springframework.boot\spring-boot-starter-tomcat\2.0.5.RELEASE\eaac8a5d73b45400bc88cd7f6b5c99b5f0d5e9b7\spring-boot-starter-tomcat-2.0.5.RELEASE.jar;C:\Users\darrel.ma\.gradle\caches\modules-2\files-2.1\org.hibernate.validator\hibernate-validator\6.0.12.Final\478003e61b056c1f97840ba3e62ff31cdc89597\hibernate-validator-6.0.12.Final.jar;C:\Users\darrel.ma\.gradle\caches\modules-2\files-2.1\org.springframework\spring-webmvc\5.0.9.RELEASE\c18346caaeb8dc648c4cc01874996fd9fef76664\spring-webmvc-5.0.9.RELEASE.jar;C:\Users\darrel.ma\.gradle\caches\modules-2\files-2.1\org.springframework\spring-web\5.0.9.RELEASE\1ea3aab93340849313fa74ec626ddaf1fff9ed8e\spring-web-5.0.9.RELEASE.jar;C:\Users\darrel.ma\.gradle\caches\modules-2\files-2.1\io.jaegertracing\jaeger-core\0.29.0\e3237673bae6f6a250399327b2372ccc08a4dc20\jaeger-core-0.29.0.jar;C:\Users\darrel.ma\.gradle\caches\modules-2\files-2.1\io.opentracing.contrib\opentracing-spring-web-autoconfigure\0.2.1\c31ed1a39d1fab0287c80eddd09e5a2b57519e91\opentracing-spring-web-autoconfigure-0.2.1.jar;C:\Users\darrel.ma\.gradle\caches\modules-2\files-2.1\io.opentracing.contrib\opentracing-tracerresolver\0.1.4\8b888a12e685964de6bd64eb032178f5ab61ff76\opentracing-tracerresolver-0.1.4.jar;C:\Users\darrel.ma\.gradle\caches\modules-2\files-2.1\org.codehaus.groovy\groovy-templates\2.4.15\b5cbe971f2950452c1d431ea0135dd8de2d5f58e\groovy-templates-2.4.15.jar;C:\Users\darrel.ma\.gradle\caches\modules-2\files-2.1\org.springframework.boot\spring-boot-test-autoconfigure\2.0.5.RELEASE\54d5e8f9e88c6236fe164474f0aed5a8a1052c43\spring-boot-test-autoconfigure-2.0.5.RELEASE.jar;C:\Users\darrel.ma\.gradle\caches\modules-2\files-2.1\org.springframework.boot\spring-boot-autoconfigure\2.0.5.RELEASE\e5588642799e0c0c04638e255c3d3f31ba400ff4\spring-boot-autoconfigure-2.0.5.RELEASE.jar;C:\Users\darrel.ma\.gradle\caches\modules-2\files-2.1\org.springframework.boot\spring-boot-test\2.0.5.RELEASE\ce6353f33217982357a6bdba6576015ea333304c\spring-boot-test-2.0.5.RELEASE.jar;C:\Users\darrel.ma\.gradle\caches\modules-2\files-2.1\org.springframework.boot\spring-boot\2.0.5.RELEASE\19a4624cbd89a318d10c79f289c6c816043850fb\spring-boot-2.0.5.RELEASE.jar;C:\Users\darrel.ma\.gradle\caches\modules-2\files-2.1\com.jayway.jsonpath\json-path\2.4.0\765a4401ceb2dc8d40553c2075eb80a8fa35c2ae\json-path-2.4.0.jar;C:\Users\darrel.ma\.gradle\caches\modules-2\files-2.1\junit\junit\4.12\2973d150c0dc1fefe998f834810d68f278ea58ec\junit-4.12.jar;C:\Users\darrel.ma\.gradle\caches\modules-2\files-2.1\org.assertj\assertj-core\3.9.1\c5ce126b15f28d56cd8f960c1a6a058b9c9aea87\assertj-core-3.9.1.jar;C:\Users\darrel.ma\.gradle\caches\modules-2\files-2.1\org.mockito\mockito-core\2.15.0\b84bfbbc29cd22c9529409627af6ea2897f4fa85\mockito-core-2.15.0.jar;C:\Users\darrel.ma\.gradle\caches\modules-2\files-2.1\org.hamcrest\hamcrest-library\1.3\4785a3c21320980282f9f33d0d1264a69040538f\hamcrest-library-1.3.jar;C:\Users\darrel.ma\.gradle\caches\modules-2\files-2.1\org.hamcrest\hamcrest-core\1.3\42a25dc3219429f0e5d060061f71acb49bf010a0\hamcrest-core-1.3.jar;C:\Users\darrel.ma\.gradle\caches\modules-2\files-2.1\org.skyscreamer\jsonassert\1.5.0\6c9d5fe2f59da598d9aefc1cfc6528ff3cf32df3\jsonassert-1.5.0.jar;C:\Users\darrel.ma\.gradle\caches\modules-2\files-2.1\org.springframework\spring-test\5.0.9.RELEASE\218c8648f898453be92d550252e0ce2a84b54375\spring-test-5.0.9.RELEASE.jar;C:\Users\darrel.ma\.gradle\caches\modules-2\files-2.1\org.springframework\spring-context\5.0.9.RELEASE\2501e55acb6c2e84667cda3f845d1d00a0dc4e05\spring-context-5.0.9.RELEASE.jar;C:\Users\darrel.ma\.gradle\caches\modules-2\files-2.1\org.springframework\spring-expression\5.0.9.RELEASE\1f9db5ff3a758102c0434cc3457aa47c50c39a4a\spring-expression-5.0.9.RELEASE.jar;C:\Users\darrel.ma\.gradle\caches\modules-2\files-2.1\org.springframework\spring-aop\5.0.9.RELEASE\98003b099697fe46b6bdf18c7e3f66d7a1381060\spring-aop-5.0.9.RELEASE.jar;C:\Users\darrel.ma\.gradle\caches\modules-2\files-2.1\org.springframework\spring-beans\5.0.9.RELEASE\65f56fdab1bb90ad059e314d2f2f4cf76f9bdbde\spring-beans-5.0.9.RELEASE.jar;C:\Users\darrel.ma\.gradle\caches\modules-2\files-2.1\org.springframework\spring-core\5.0.9.RELEASE\9f9a828936d81afd49a603bda9cc1aed863a0d85\spring-core-5.0.9.RELEASE.jar;C:\Users\darrel.ma\.gradle\caches\modules-2\files-2.1\org.xmlunit\xmlunit-core\2.5.1\4ffdb346572a7356f7521cd3119ce5287d2e339d\xmlunit-core-2.5.1.jar;C:\Users\darrel.ma\.gradle\caches\modules-2\files-2.1\org.springframework.boot\spring-boot-starter-logging\2.0.5.RELEASE\c353e0b9591d0765c687ff0a678478cbebfd5c23\spring-boot-starter-logging-2.0.5.RELEASE.jar;C:\Users\darrel.ma\.gradle\caches\modules-2\files-2.1\javax.annotation\javax.annotation-api\1.3.2\934c04d3cfef185a8008e7bf34331b79730a9d43\javax.annotation-api-1.3.2.jar;C:\Users\darrel.ma\.gradle\caches\modules-2\files-2.1\org.yaml\snakeyaml\1.19\2d998d3d674b172a588e54ab619854d073f555b5\snakeyaml-1.19.jar;C:\Users\darrel.ma\.gradle\caches\modules-2\files-2.1\com.fasterxml.jackson.datatype\jackson-datatype-jdk8\2.9.6\456895fc91bf7180b216fead220373e6278230c9\jackson-datatype-jdk8-2.9.6.jar;C:\Users\darrel.ma\.gradle\caches\modules-2\files-2.1\com.fasterxml.jackson.datatype\jackson-datatype-jsr310\2.9.6\ea54f6193d224e5e5732bbd4262327eb465397c2\jackson-datatype-jsr310-2.9.6.jar;C:\Users\darrel.ma\.gradle\caches\modules-2\files-2.1\com.fasterxml.jackson.module\jackson-module-parameter-names\2.9.6\129acd77a4b6ee30d62d3a0899b1344c8ec2bff8\jackson-module-parameter-names-2.9.6.jar;C:\Users\darrel.ma\.gradle\caches\modules-2\files-2.1\com.fasterxml.jackson.core\jackson-databind\2.9.6\cfa4f316351a91bfd95cb0644c6a2c95f52db1fc\jackson-databind-2.9.6.jar;C:\Users\darrel.ma\.gradle\caches\modules-2\files-2.1\org.apache.tomcat.embed\tomcat-embed-websocket\8.5.34\5f86906367c2540b21e6aeecc277d2ce9ec939b0\tomcat-embed-websocket-8.5.34.jar;C:\Users\darrel.ma\.gradle\caches\modules-2\files-2.1\org.apache.tomcat.embed\tomcat-embed-core\8.5.34\a038040d68a90397f95dd1e11b979fe364a5000f\tomcat-embed-core-8.5.34.jar;C:\Users\darrel.ma\.gradle\caches\modules-2\files-2.1\org.apache.tomcat.embed\tomcat-embed-el\8.5.34\be71a9a5bdd001db7cf97c47429eec0bdd3b7b88\tomcat-embed-el-8.5.34.jar;C:\Users\darrel.ma\.gradle\caches\modules-2\files-2.1\javax.validation\validation-api\2.0.1.Final\cb855558e6271b1b32e716d24cb85c7f583ce09e\validation-api-2.0.1.Final.jar;C:\Users\darrel.ma\.gradle\caches\modules-2\files-2.1\org.jboss.logging\jboss-logging\3.3.2.Final\3789d00e859632e6c6206adc0c71625559e6e3b0\jboss-logging-3.3.2.Final.jar;C:\Users\darrel.ma\.gradle\caches\modules-2\files-2.1\com.fasterxml\classmate\1.3.4\3d5f48f10bbe4eb7bd862f10c0583be2e0053c6\classmate-1.3.4.jar;C:\Users\darrel.ma\.gradle\caches\modules-2\files-2.1\io.opentracing.contrib\opentracing-concurrent\0.1.0\1f6cd2589ae7e49058ac5c02717e034fb4f4123f\opentracing-concurrent-0.1.0.jar;C:\Users\darrel.ma\.gradle\caches\modules-2\files-2.1\io.opentracing.contrib\opentracing-jdbc\0.0.6\65f44a2b869ddcbc2843f631696120956da9512b\opentracing-jdbc-0.0.6.jar;C:\Users\darrel.ma\.gradle\caches\modules-2\files-2.1\io.opentracing.contrib\opentracing-rxjava-1\0.0.7\e8b7807dd6326b3335d1186d009848bda9509f6a\opentracing-rxjava-1-0.0.7.jar;C:\Users\darrel.ma\.gradle\caches\modules-2\files-2.1\io.opentracing.contrib\opentracing-spring-messaging-starter\0.0.5\52bc9a6a1739bc51ac804b349d62a38889c68c2e\opentracing-spring-messaging-starter-0.0.5.jar;C:\Users\darrel.ma\.gradle\caches\modules-2\files-2.1\io.github.openfeign.opentracing\feign-hystrix-opentracing\0.1.0\6211ebf3645b2dc2154243fa68a103cf5da646a2\feign-hystrix-opentracing-0.1.0.jar;C:\Users\darrel.ma\.gradle\caches\modules-2\files-2.1\io.opentracing.contrib\opentracing-jms-spring\0.0.5\8e74854e6a0834fcb5f11a287d49499c073dc0fb\opentracing-jms-spring-0.0.5.jar;C:\Users\darrel.ma\.gradle\caches\modules-2\files-2.1\io.opentracing.contrib\opentracing-jms-1\0.0.5\bbe627a3fef82d0d3521e1da0a59a930ecf7bc7c\opentracing-jms-1-0.0.5.jar;C:\Users\darrel.ma\.gradle\caches\modules-2\files-2.1\io.opentracing.contrib\opentracing-jms-common\0.0.5\85331926e2aff9f1317f7e92e0c4f5cb27bbbf32\opentracing-jms-common-0.0.5.jar;C:\Users\darrel.ma\.gradle\caches\modules-2\files-2.1\io.jaegertracing\jaeger-thrift\0.29.0\24c8bed5819c8a08280d84dea7d298361d94b512\jaeger-thrift-0.29.0.jar;C:\Users\darrel.ma\.gradle\caches\modules-2\files-2.1\io.github.openfeign.opentracing\feign-opentracing\0.1.0\d9a5097f2bf6a3249de6d6a0103222f8a3ef1713\feign-opentracing-0.1.0.jar;C:\Users\darrel.ma\.gradle\caches\modules-2\files-2.1\io.opentracing.contrib\opentracing-spring-web\0.2.1\c22fab348f7b2a59628d808cc59c1dd91567aefb\opentracing-spring-web-0.2.1.jar;C:\Users\darrel.ma\.gradle\caches\modules-2\files-2.1\io.opentracing.contrib\opentracing-web-servlet-filter\0.1.0\c3f85ad37310a0d8816264d0e8f5b2fe1ef1d04b\opentracing-web-servlet-filter-0.1.0.jar;C:\Users\darrel.ma\.gradle\caches\modules-2\files-2.1\io.opentracing\opentracing-util\0.31.0\a89ecf241924aed9f0e5a8cffa077764c85e94ea\opentracing-util-0.31.0.jar;C:\Users\darrel.ma\.gradle\caches\modules-2\files-2.1\io.opentracing\opentracing-noop\0.31.0\b6fd6821dbc9f46d1e6dcfc28d60a0f016a87fa\opentracing-noop-0.31.0.jar;C:\Users\darrel.ma\.gradle\caches\modules-2\files-2.1\io.opentracing\opentracing-api\0.31.0\1d3b149394dc4d612c037df32df5971f414be022\opentracing-api-0.31.0.jar;C:\Users\darrel.ma\.gradle\caches\modules-2\files-2.1\com.google.code.gson\gson\2.8.5\f645ed69d595b24d4cf8b3fbb64cc505bede8829\gson-2.8.5.jar;C:\Users\darrel.ma\.gradle\caches\modules-2\files-2.1\ch.qos.logback\logback-classic\1.2.3\7c4f3c474fb2c041d8028740440937705ebb473a\logback-classic-1.2.3.jar;C:\Users\darrel.ma\.gradle\caches\modules-2\files-2.1\org.apache.logging.log4j\log4j-to-slf4j\2.10.0\f7e631ccf49cfc0aefa4a2a728da7d374c05bd3c\log4j-to-slf4j-2.10.0.jar;C:\Users\darrel.ma\.gradle\caches\modules-2\files-2.1\org.slf4j\jul-to-slf4j\1.7.25\af5364cd6679bfffb114f0dec8a157aaa283b76\jul-to-slf4j-1.7.25.jar;C:\Users\darrel.ma\.gradle\caches\modules-2\files-2.1\org.apache.thrift\libthrift\0.9.2\9b067e2e2c5291e9f0d8b3561b1654286e6d81ee\libthrift-0.9.2.jar;C:\Users\darrel.ma\.gradle\caches\modules-2\files-2.1\org.slf4j\slf4j-api\1.7.25\da76ca59f6a57ee3102f8f9bd9cee742973efa8a\slf4j-api-1.7.25.jar;C:\Users\darrel.ma\.gradle\caches\modules-2\files-2.1\com.squareup.okhttp3\okhttp\3.9.0\1b6c10b5120995a7542c1a31b7828fb8593c8ba\okhttp-3.9.0.jar;C:\Users\darrel.ma\.gradle\caches\modules-2\files-2.1\org.codehaus.groovy\groovy-xml\2.4.15\40865f59469e6b0808c9c304bd17038997220c72\groovy-xml-2.4.15.jar;C:\Users\darrel.ma\.gradle\caches\modules-2\files-2.1\org.codehaus.groovy\groovy\2.4.15\74b7e0b99526c569e3a59cb84dbcc6204d601ee6\groovy-2.4.15.jar;C:\Users\darrel.ma\.gradle\caches\modules-2\files-2.1\net.minidev\json-smart\2.3\7396407491352ce4fa30de92efb158adb76b5b\json-smart-2.3.jar;C:\Users\darrel.ma\.gradle\caches\modules-2\files-2.1\net.bytebuddy\byte-buddy\1.7.11\f02857a4e2c66ccbe7aaad6100a0a6c461bce9b3\byte-buddy-1.7.11.jar;C:\Users\darrel.ma\.gradle\caches\modules-2\files-2.1\net.bytebuddy\byte-buddy-agent\1.7.11\b425a8933ca07edd03c6dbc8bc3b595fba9780de\byte-buddy-agent-1.7.11.jar;C:\Users\darrel.ma\.gradle\caches\modules-2\files-2.1\org.objenesis\objenesis\2.6\639033469776fd37c08358c6b92a4761feb2af4b\objenesis-2.6.jar;C:\Users\darrel.ma\.gradle\caches\modules-2\files-2.1\com.vaadin.external.google\android-json\0.0.20131108.vaadin1\fa26d351fe62a6a17f5cda1287c1c6110dec413f\android-json-0.0.20131108.vaadin1.jar;C:\Users\darrel.ma\.gradle\caches\modules-2\files-2.1\org.springframework\spring-jcl\5.0.9.RELEASE\bc3b5aaae53f0bc03647e53ecbd98a05b47a4e90\spring-jcl-5.0.9.RELEASE.jar;C:\Users\darrel.ma\.gradle\caches\modules-2\files-2.1\com.fasterxml.jackson.core\jackson-annotations\2.9.0\7c10d545325e3a6e72e06381afe469fd40eb701\jackson-annotations-2.9.0.jar;C:\Users\darrel.ma\.gradle\caches\modules-2\files-2.1\com.fasterxml.jackson.core\jackson-core\2.9.6\4e393793c37c77e042ccc7be5a914ae39251b365\jackson-core-2.9.6.jar;C:\Users\darrel.ma\.gradle\caches\modules-2\files-2.1\org.aspectj\aspectjweaver\1.8.13\ad94df2a28d658a40dc27bbaff6a1ce5fbf04e9b\aspectjweaver-1.8.13.jar;C:\Users\darrel.ma\.gradle\caches\modules-2\files-2.1\io.opentracing.contrib\opentracing-spring-messaging\0.0.5\585d31c1a669868cc0676ce93ea0d30194e81e17\opentracing-spring-messaging-0.0.5.jar;C:\Users\darrel.ma\.gradle\caches\modules-2\files-2.1\com.squareup.okio\okio\1.13.0\a9283170b7305c8d92d25aff02a6ab7e45d06cbe\okio-1.13.0.jar;C:\Users\darrel.ma\.gradle\caches\modules-2\files-2.1\net.minidev\accessors-smart\1.2\c592b500269bfde36096641b01238a8350f8aa31\accessors-smart-1.2.jar;C:\Users\darrel.ma\.gradle\caches\modules-2\files-2.1\ch.qos.logback\logback-core\1.2.3\864344400c3d4d92dfeb0a305dc87d953677c03c\logback-core-1.2.3.jar;C:\Users\darrel.ma\.gradle\caches\modules-2\files-2.1\org.apache.logging.log4j\log4j-api\2.10.0\fec5797a55b786184a537abd39c3fa1449d752d6\log4j-api-2.10.0.jar;C:\Users\darrel.ma\.gradle\caches\modules-2\files-2.1\org.apache.httpcomponents\httpclient\4.5.6\1afe5621985efe90a92d0fbc9be86271efbe796f\httpclient-4.5.6.jar;C:\Users\darrel.ma\.gradle\caches\modules-2\files-2.1\org.apache.httpcomponents\httpcore\4.4.10\acc54d9b28bdffe4bbde89ed2e4a1e86b5285e2b\httpcore-4.4.10.jar;C:\Users\darrel.ma\.gradle\caches\modules-2\files-2.1\org.ow2.asm\asm\5.0.4\da08b8cce7bbf903602a25a3a163ae252435795\asm-5.0.4.jar;C:\Users\darrel.ma\.gradle\caches\modules-2\files-2.1\commons-codec\commons-codec\1.11\3acb4705652e16236558f0f4f2192cc33c3bd189\commons-codec-1.11.jar, user.name=darrel.ma, java.vm.specification.version=1.8, sun.java.command=worker.org.gradle.process.internal.worker.GradleWorkerMain 'Gradle Test Executor 2', java.home=C:\Program Files\Java\jdk1.8.0_181\jre, sun.arch.data.model=64, user.language=en, java.specification.vendor=Oracle Corporation, awt.toolkit=sun.awt.windows.WToolkit, java.vm.info=mixed mode, java.version=1.8.0_181, java.ext.dirs=C:\Program Files\Java\jdk1.8.0_181\jre\lib\ext;C:\WINDOWS\Sun\Java\lib\ext, sun.boot.class.path=C:\Program Files\Java\jdk1.8.0_181\jre\lib\resources.jar;C:\Program Files\Java\jdk1.8.0_181\jre\lib\rt.jar;C:\Program Files\Java\jdk1.8.0_181\jre\lib\sunrsasign.jar;C:\Program Files\Java\jdk1.8.0_181\jre\lib\jsse.jar;C:\Program Files\Java\jdk1.8.0_181\jre\lib\jce.jar;C:\Program Files\Java\jdk1.8.0_181\jre\lib\charsets.jar;C:\Program Files\Java\jdk1.8.0_181\jre\lib\jfr.jar;C:\Program Files\Java\jdk1.8.0_181\jre\classes, java.vendor=Oracle Corporation, org.gradle.test.worker=2, file.separator=\, java.vendor.url.bug=http://bugreport.sun.com/bugreport/, sun.io.unicode.encoding=UnicodeLittle, sun.cpu.endian=little, sun.desktop=windows, sun.cpu.isalist=amd64}}, SystemEnvironmentPropertySource@1148644262 {name='systemEnvironment', properties={USERDOMAIN_ROAMINGPROFILE=GROUPINFRA, NO_PROXY=192.168.99.100,192.168.99.101,192.168.99.103, PROCESSOR_LEVEL=6, SESSIONNAME=Console, ALLUSERSPROFILE=C:\ProgramData, PROCESSOR_ARCHITECTURE=AMD64, PSModulePath=;, SystemDrive=C:, DEFLOGDIR=C:\ProgramData\McAfee\DesktopProtection, MAVEN_HOME=C:\Program Files\Apache\maven, DIRNAME=C:\Users\darrel.ma\dev\old sprincube\account-service\, USERNAME=darrel.ma, USERDNSDOMAIN=GROUPINFRA.COM, CMD_LINE_ARGS=clean build, ProgramFiles(x86)=C:\Program Files (x86), FPS_BROWSER_USER_PROFILE_STRING=Default, APP_HOME=C:\Users\darrel.ma\dev\old sprincube\account-service\, PATHEXT=.COM;.EXE;.BAT;.CMD;.VBS;.VBE;.JS;.JSE;.WSF;.WSH;.MSC, COMPOSE_CONVERT_WINDOWS_PATHS=true, GOPATH=C:\Users\darrel.ma\go, ProgramData=C:\ProgramData, ProgramW6432=C:\Program Files, HOMEPATH=\Users\darrel.ma, PROCESSOR_IDENTIFIER=Intel64 Family 6 Model 158 Stepping 9, GenuineIntel, M2_HOME=C:\Program Files\Apache\maven, ProgramFiles=C:\Program Files, PUBLIC=C:\Users\Public, windir=C:\WINDOWS, =::=::\, _SKIP=2, LOCALAPPDATA=C:\Users\darrel.ma\AppData\Local, ChocolateyLastPathUpdate=Mon Sep 17 13:33:54 2018, USERDOMAIN=GROUPINFRA, FPS_BROWSER_APP_PROFILE_STRING=Internet Explorer, LOGONSERVER=\\CZ-DC003, JAVA_HOME=C:\Program Files\Java\jdk1.8.0_181, PROMPT=$P$G, OneDrive=C:\Users\darrel.ma\OneDrive, =C:=C:\Users\darrel.ma\dev\old sprincube\account-service, APPDATA=C:\Users\darrel.ma\AppData\Roaming, JAVA_EXE=C:\Program Files\Java\jdk1.8.0_181/bin/java.exe, ChocolateyInstall=C:\ProgramData\chocolatey, VSEDEFLOGDIR=C:\ProgramData\McAfee\DesktopProtection, CommonProgramFiles=C:\Program Files\Common Files, Path=C:\Program Files\Docker\Docker\Resources\bin;C:\Program Files (x86)\Common Files\Oracle\Java\javapath;C:\ProgramData\Oracle\Java\javapath;C:\WINDOWS\system32;C:\WINDOWS;C:\WINDOWS\System32\Wbem;C:\WINDOWS\System32\WindowsPowerShell\v1.0\;C:\Program Files (x86)\WebEx\Productivity Tools;C:\Program Files\Git\cmd;C:\Users\darrel.ma\AppData\Roaming\Cloud Foundry;C:\Users\darrel.ma\AppData\Local\Microsoft\WindowsApps;C:\Gradle\gradle-4.10\bin;C:\ProgramData\chocolatey\bin;C:\Go\bin;C:\Program Files\Apache\maven\bin;C:\Program Files\Java\jdk1.8.0_181\bin;C:\Users\darrel.ma\istio-1.0.2\bin;C:\Users\darrel.ma\go\bin;C:\Users\darrel.ma\AppData\Local\Microsoft\WindowsApps;C:\Gradle\gradle-4.10\bin;C:\Users\darrel.ma\go\bin;C:\Program Files\Java\jdk1.8.0_181\bin;C:\Users\darrel.ma\istio-1.0.2\bin;, OS=Windows_NT, COMPUTERNAME=CA-L7HSMPH2, PROCESSOR_REVISION=9e09, CLASSPATH=C:\Users\darrel.ma\dev\old sprincube\account-service\\gradle\wrapper\gradle-wrapper.jar, CommonProgramW6432=C:\Program Files\Common Files, GOROOT=C:\Go\, ComSpec=C:\WINDOWS\system32\cmd.exe, UATDATA=C:\WINDOWS\CCM\UATData\D9F8C395-CAB8-491d-B8AC-179A1FE1BE77, APP_BASE_NAME=gradlew, SystemRoot=C:\WINDOWS, TEMP=C:\Users\darrel.ma\AppData\Local\Temp, HOMEDRIVE=C:, USERPROFILE=C:\Users\darrel.ma, TMP=C:\Users\darrel.ma\AppData\Local\Temp, CommonProgramFiles(x86)=C:\Program Files (x86)\Common Files, NUMBER_OF_PROCESSORS=8}}]
13:56:27.775 [Test worker] DEBUG org.springframework.core.io.support.PathMatchingResourcePatternResolver - Resolved classpath location [sprincube/accountservice/] to resources [URL [file:/C:/Users/darrel.ma/dev/old%20sprincube/account-service/build/classes/java/test/sprincube/accountservice/], URL [file:/C:/Users/darrel.ma/dev/old%20sprincube/account-service/build/classes/java/main/sprincube/accountservice/]]
13:56:27.775 [Test worker] DEBUG org.springframework.core.io.support.PathMatchingResourcePatternResolver - Looking for matching resources in directory tree [C:\Users\darrel.ma\dev\old sprincube\account-service\build\classes\java\test\sprincube\accountservice]
13:56:27.776 [Test worker] DEBUG org.springframework.core.io.support.PathMatchingResourcePatternResolver - Searching directory [C:\Users\darrel.ma\dev\old sprincube\account-service\build\classes\java\test\sprincube\accountservice] for files matching pattern [C:/Users/darrel.ma/dev/old sprincube/account-service/build/classes/java/test/sprincube/accountservice/*.class]
13:56:27.780 [Test worker] DEBUG org.springframework.core.io.support.PathMatchingResourcePatternResolver - Looking for matching resources in directory tree [C:\Users\darrel.ma\dev\old sprincube\account-service\build\classes\java\main\sprincube\accountservice]
13:56:27.781 [Test worker] DEBUG org.springframework.core.io.support.PathMatchingResourcePatternResolver - Searching directory [C:\Users\darrel.ma\dev\old sprincube\account-service\build\classes\java\main\sprincube\accountservice] for files matching pattern [C:/Users/darrel.ma/dev/old sprincube/account-service/build/classes/java/main/sprincube/accountservice/*.class]
13:56:27.782 [Test worker] DEBUG org.springframework.core.io.support.PathMatchingResourcePatternResolver - Resolved location pattern [classpath*:sprincube/accountservice/*.class] to resources [file [C:\Users\darrel.ma\dev\old sprincube\account-service\build\classes\java\test\sprincube\accountservice\AccountServiceApplicationTests.class], file [C:\Users\darrel.ma\dev\old sprincube\account-service\build\classes\java\main\sprincube\accountservice\AccountServiceApplication.class]]
13:56:27.840 [Test worker] DEBUG org.springframework.context.annotation.ClassPathScanningCandidateComponentProvider - Identified candidate component class: file [C:\Users\darrel.ma\dev\old sprincube\account-service\build\classes\java\main\sprincube\accountservice\AccountServiceApplication.class]
13:56:27.844 [Test worker] INFO org.springframework.boot.test.context.SpringBootTestContextBootstrapper - Found @SpringBootConfiguration sprincube.accountservice.AccountServiceApplication for test class sprincube.accountservice.AccountServiceApplicationTests
13:56:28.007 [Test worker] DEBUG org.springframework.boot.test.context.SpringBootTestContextBootstrapper - @TestExecutionListeners is not present for class [sprincube.accountservice.AccountServiceApplicationTests]: using defaults.
13:56:28.008 [Test worker] INFO org.springframework.boot.test.context.SpringBootTestContextBootstrapper - Loaded default TestExecutionListener class names from location [META-INF/spring.factories]: [org.springframework.boot.test.autoconfigure.restdocs.RestDocsTestExecutionListener, org.springframework.boot.test.autoconfigure.web.client.MockRestServiceServerResetTestExecutionListener, org.springframework.boot.test.autoconfigure.web.servlet.MockMvcPrintOnlyOnFailureTestExecutionListener, org.springframework.boot.test.autoconfigure.web.servlet.WebDriverTestExecutionListener, org.springframework.boot.test.mock.mockito.MockitoTestExecutionListener, org.springframework.boot.test.mock.mockito.ResetMocksTestExecutionListener, org.springframework.test.context.web.ServletTestExecutionListener, org.springframework.test.context.support.DirtiesContextBeforeModesTestExecutionListener, org.springframework.test.context.support.DependencyInjectionTestExecutionListener, org.springframework.test.context.support.DirtiesContextTestExecutionListener, org.springframework.test.context.transaction.TransactionalTestExecutionListener, org.springframework.test.context.jdbc.SqlScriptsTestExecutionListener]
13:56:28.029 [Test worker] DEBUG org.springframework.boot.test.context.SpringBootTestContextBootstrapper - Skipping candidate TestExecutionListener [org.springframework.test.context.transaction.TransactionalTestExecutionListener] due to a missing dependency. Specify custom listener classes or make the default listener classes and their required dependencies available. Offending class: [org/springframework/transaction/interceptor/TransactionAttributeSource]
13:56:28.030 [Test worker] DEBUG org.springframework.boot.test.context.SpringBootTestContextBootstrapper - Skipping candidate TestExecutionListener [org.springframework.test.context.jdbc.SqlScriptsTestExecutionListener] due to a missing dependency. Specify custom listener classes or make the default listener classes and their required dependencies available. Offending class: [org/springframework/transaction/interceptor/TransactionAttribute]
13:56:28.030 [Test worker] INFO org.springframework.boot.test.context.SpringBootTestContextBootstrapper - Using TestExecutionListeners: [org.springframework.test.context.web.ServletTestExecutionListener@2353e37e, org.springframework.test.context.support.DirtiesContextBeforeModesTestExecutionListener@62d08158, org.springframework.boot.test.mock.mockito.MockitoTestExecutionListener@6cb837e6, org.springframework.boot.test.autoconfigure.SpringBootDependencyInjectionTestExecutionListener@19773600, org.springframework.test.context.support.DirtiesContextTestExecutionListener@25037e43, org.springframework.boot.test.autoconfigure.restdocs.RestDocsTestExecutionListener@433ff1fa, org.springframework.boot.test.autoconfigure.web.client.MockRestServiceServerResetTestExecutionListener@6e15f97c, org.springframework.boot.test.autoconfigure.web.servlet.MockMvcPrintOnlyOnFailureTestExecutionListener@4ef20588, org.springframework.boot.test.autoconfigure.web.servlet.WebDriverTestExecutionListener@70bd9b73, org.springframework.boot.test.mock.mockito.ResetMocksTestExecutionListener@4cb114bf]
13:56:28.034 [Test worker] DEBUG org.springframework.test.annotation.ProfileValueUtils - Retrieved @ProfileValueSourceConfiguration [null] for test class [sprincube.accountservice.AccountServiceApplicationTests]
13:56:28.035 [Test worker] DEBUG org.springframework.test.annotation.ProfileValueUtils - Retrieved ProfileValueSource type [class org.springframework.test.annotation.SystemProfileValueSource] for class [sprincube.accountservice.AccountServiceApplicationTests]
13:56:28.036 [Test worker] DEBUG org.springframework.test.annotation.ProfileValueUtils - Retrieved @ProfileValueSourceConfiguration [null] for test class [sprincube.accountservice.AccountServiceApplicationTests]
13:56:28.037 [Test worker] DEBUG org.springframework.test.annotation.ProfileValueUtils - Retrieved ProfileValueSource type [class org.springframework.test.annotation.SystemProfileValueSource] for class [sprincube.accountservice.AccountServiceApplicationTests]
13:56:28.044 [Test worker] DEBUG org.springframework.test.context.support.AbstractDirtiesContextTestExecutionListener - Before test class: context [DefaultTestContext@166ab26e testClass = AccountServiceApplicationTests, testInstance = [null], testMethod = [null], testException = [null], mergedContextConfiguration = [WebMergedContextConfiguration@4a8a13c8 testClass = AccountServiceApplicationTests, locations = '{}', classes = '{class sprincube.accountservice.AccountServiceApplication}', contextInitializerClasses = '[]', activeProfiles = '{}', propertySourceLocations = '{}', propertySourceProperties = '{org.springframework.boot.test.context.SpringBootTestContextBootstrapper=true}', contextCustomizers = set[org.springframework.boot.test.autoconfigure.properties.PropertyMappingContextCustomizer@0, org.springframework.boot.test.autoconfigure.web.servlet.WebDriverContextCustomizerFactory$Customizer@22c62249, org.springframework.boot.test.context.filter.ExcludeFilterContextCustomizer@49f80048, org.springframework.boot.test.json.DuplicateJsonObjectContextCustomizerFactory$DuplicateJsonObjectContextCustomizer@42e8607, org.springframework.boot.test.mock.mockito.MockitoContextCustomizer@0, org.springframework.boot.test.web.client.TestRestTemplateContextCustomizer@184d0824], resourceBasePath = 'src/main/webapp', contextLoader = 'org.springframework.boot.test.context.SpringBootContextLoader', parent = [null]], attributes = map['org.springframework.test.context.web.ServletTestExecutionListener.activateListener' -> true]], class annotated with @DirtiesContext [false] with mode [null].
13:56:28.044 [Test worker] DEBUG org.springframework.test.annotation.ProfileValueUtils - Retrieved @ProfileValueSourceConfiguration [null] for test class [sprincube.accountservice.AccountServiceApplicationTests]
13:56:28.045 [Test worker] DEBUG org.springframework.test.annotation.ProfileValueUtils - Retrieved ProfileValueSource type [class org.springframework.test.annotation.SystemProfileValueSource] for class [sprincube.accountservice.AccountServiceApplicationTests]
13:56:28.092 [Test worker] DEBUG org.springframework.core.env.StandardEnvironment - Adding PropertySource 'systemProperties' with lowest search precedence
13:56:28.092 [Test worker] DEBUG org.springframework.core.env.StandardEnvironment - Adding PropertySource 'systemEnvironment' with lowest search precedence
13:56:28.093 [Test worker] DEBUG org.springframework.core.env.StandardEnvironment - Initialized StandardEnvironment with PropertySources [MapPropertySource@1889383998 {name='systemProperties', properties={java.runtime.name=Java(TM) SE Runtime Environment, sun.boot.library.path=C:\Program Files\Java\jdk1.8.0_181\jre\bin, java.vm.version=25.181-b13, java.vm.vendor=Oracle Corporation, java.vendor.url=http://java.oracle.com/, path.separator=;, java.vm.name=Java HotSpot(TM) 64-Bit Server VM, file.encoding.pkg=sun.io, user.script=, sun.java.launcher=SUN_STANDARD, user.country=CA, sun.os.patch.level=, java.vm.specification.name=Java Virtual Machine Specification, user.dir=C:\Users\darrel.ma\dev\old sprincube\account-service, java.runtime.version=1.8.0_181-b13, java.awt.graphicsenv=sun.awt.Win32GraphicsEnvironment, java.endorsed.dirs=C:\Program Files\Java\jdk1.8.0_181\jre\lib\endorsed, os.arch=amd64, java.io.tmpdir=C:\Users\darrel.ma\AppData\Local\Temp\, line.separator=
, java.vm.specification.vendor=Oracle Corporation, user.variant=, os.name=Windows 10, sun.jnu.encoding=Cp1252, java.library.path=C:\Program Files\Java\jdk1.8.0_181\bin;C:\WINDOWS\Sun\Java\bin;C:\WINDOWS\system32;C:\WINDOWS;C:\Program Files\Docker\Docker\Resources\bin;C:\Program Files (x86)\Common Files\Oracle\Java\javapath;C:\ProgramData\Oracle\Java\javapath;C:\WINDOWS\system32;C:\WINDOWS;C:\WINDOWS\System32\Wbem;C:\WINDOWS\System32\WindowsPowerShell\v1.0\;C:\Program Files (x86)\WebEx\Productivity Tools;C:\Program Files\Git\cmd;C:\Users\darrel.ma\AppData\Roaming\Cloud Foundry;C:\Users\darrel.ma\AppData\Local\Microsoft\WindowsApps;C:\Gradle\gradle-4.10\bin;C:\ProgramData\chocolatey\bin;C:\Go\bin;C:\Program Files\Apache\maven\bin;C:\Program Files\Java\jdk1.8.0_181\bin;C:\Users\darrel.ma\istio-1.0.2\bin;C:\Users\darrel.ma\go\bin;C:\Users\darrel.ma\AppData\Local\Microsoft\WindowsApps;C:\Gradle\gradle-4.10\bin;C:\Users\darrel.ma\go\bin;C:\Program Files\Java\jdk1.8.0_181\bin;C:\Users\darrel.ma\istio-1.0.2\bin;;., java.specification.name=Java Platform API Specification, java.class.version=52.0, org.gradle.native=false, sun.management.compiler=HotSpot 64-Bit Tiered Compilers, os.version=10.0, user.home=C:\Users\darrel.ma, user.timezone=America/New_York, java.awt.printerjob=sun.awt.windows.WPrinterJob, file.encoding=windows-1252, java.specification.version=1.8, java.class.path=C:\Users\darrel.ma\dev\old sprincube\account-service\build\classes\java\test;C:\Users\darrel.ma\dev\old sprincube\account-service\build\resources\test;C:\Users\darrel.ma\dev\old sprincube\account-service\build\classes\java\main;C:\Users\darrel.ma\dev\old sprincube\account-service\build\resources\main;C:\Users\darrel.ma\.gradle\caches\modules-2\files-2.1\org.springframework.boot\spring-boot-starter-groovy-templates\2.0.5.RELEASE\501a2a86b5bcb3b6971fffcf944e0b9a9059332a\spring-boot-starter-groovy-templates-2.0.5.RELEASE.jar;C:\Users\darrel.ma\.gradle\caches\modules-2\files-2.1\org.springframework.boot\spring-boot-starter-web\2.0.5.RELEASE\52daa1f1509bd637a737206e54c06a17aabb9504\spring-boot-starter-web-2.0.5.RELEASE.jar;C:\Users\darrel.ma\.gradle\caches\modules-2\files-2.1\io.opentracing.contrib\opentracing-spring-cloud-starter\0.1.7\fc46f7f2f846c3b5e52709425b8c6627d00ebad4\opentracing-spring-cloud-starter-0.1.7.jar;C:\Users\darrel.ma\.gradle\caches\modules-2\files-2.1\io.jaegertracing\jaeger-tracerresolver\0.29.0\1d6260b14435b61ca540c072b274ae5973239fad\jaeger-tracerresolver-0.29.0.jar;C:\Users\darrel.ma\.gradle\caches\modules-2\files-2.1\org.springframework.boot\spring-boot-devtools\2.0.5.RELEASE\9bd89be8e5d96477f8dd846fea4ced5954031d89\spring-boot-devtools-2.0.5.RELEASE.jar;C:\Users\darrel.ma\.gradle\caches\modules-2\files-2.1\org.springframework.boot\spring-boot-starter-test\2.0.5.RELEASE\ab04ca2e76f6a8e786001352a81a10e4b0e7fbc8\spring-boot-starter-test-2.0.5.RELEASE.jar;C:\Users\darrel.ma\.gradle\caches\modules-2\files-2.1\org.springframework.boot\spring-boot-starter-json\2.0.5.RELEASE\d0052ded4733ceb1fb7d927238f22f9a92099227\spring-boot-starter-json-2.0.5.RELEASE.jar;C:\Users\darrel.ma\.gradle\caches\modules-2\files-2.1\io.opentracing.contrib\opentracing-spring-cloud\0.1.7\6065676829297b659bd17945880f0c5089b8d761\opentracing-spring-cloud-0.1.7.jar;C:\Users\darrel.ma\.gradle\caches\modules-2\files-2.1\org.springframework.boot\spring-boot-starter-aop\2.0.5.RELEASE\6bc1e8bcc849772d48cae1e8278cd2b471361698\spring-boot-starter-aop-2.0.5.RELEASE.jar;C:\Users\darrel.ma\.gradle\caches\modules-2\files-2.1\org.springframework.boot\spring-boot-starter\2.0.5.RELEASE\1f53487a373be18d064a5815e9bac9882ef15cdc\spring-boot-starter-2.0.5.RELEASE.jar;C:\Users\darrel.ma\.gradle\caches\modules-2\files-2.1\org.springframework.boot\spring-boot-starter-tomcat\2.0.5.RELEASE\eaac8a5d73b45400bc88cd7f6b5c99b5f0d5e9b7\spring-boot-starter-tomcat-2.0.5.RELEASE.jar;C:\Users\darrel.ma\.gradle\caches\modules-2\files-2.1\org.hibernate.validator\hibernate-validator\6.0.12.Final\478003e61b056c1f97840ba3e62ff31cdc89597\hibernate-validator-6.0.12.Final.jar;C:\Users\darrel.ma\.gradle\caches\modules-2\files-2.1\org.springframework\spring-webmvc\5.0.9.RELEASE\c18346caaeb8dc648c4cc01874996fd9fef76664\spring-webmvc-5.0.9.RELEASE.jar;C:\Users\darrel.ma\.gradle\caches\modules-2\files-2.1\org.springframework\spring-web\5.0.9.RELEASE\1ea3aab93340849313fa74ec626ddaf1fff9ed8e\spring-web-5.0.9.RELEASE.jar;C:\Users\darrel.ma\.gradle\caches\modules-2\files-2.1\io.jaegertracing\jaeger-core\0.29.0\e3237673bae6f6a250399327b2372ccc08a4dc20\jaeger-core-0.29.0.jar;C:\Users\darrel.ma\.gradle\caches\modules-2\files-2.1\io.opentracing.contrib\opentracing-spring-web-autoconfigure\0.2.1\c31ed1a39d1fab0287c80eddd09e5a2b57519e91\opentracing-spring-web-autoconfigure-0.2.1.jar;C:\Users\darrel.ma\.gradle\caches\modules-2\files-2.1\io.opentracing.contrib\opentracing-tracerresolver\0.1.4\8b888a12e685964de6bd64eb032178f5ab61ff76\opentracing-tracerresolver-0.1.4.jar;C:\Users\darrel.ma\.gradle\caches\modules-2\files-2.1\org.codehaus.groovy\groovy-templates\2.4.15\b5cbe971f2950452c1d431ea0135dd8de2d5f58e\groovy-templates-2.4.15.jar;C:\Users\darrel.ma\.gradle\caches\modules-2\files-2.1\org.springframework.boot\spring-boot-test-autoconfigure\2.0.5.RELEASE\54d5e8f9e88c6236fe164474f0aed5a8a1052c43\spring-boot-test-autoconfigure-2.0.5.RELEASE.jar;C:\Users\darrel.ma\.gradle\caches\modules-2\files-2.1\org.springframework.boot\spring-boot-autoconfigure\2.0.5.RELEASE\e5588642799e0c0c04638e255c3d3f31ba400ff4\spring-boot-autoconfigure-2.0.5.RELEASE.jar;C:\Users\darrel.ma\.gradle\caches\modules-2\files-2.1\org.springframework.boot\spring-boot-test\2.0.5.RELEASE\ce6353f33217982357a6bdba6576015ea333304c\spring-boot-test-2.0.5.RELEASE.jar;C:\Users\darrel.ma\.gradle\caches\modules-2\files-2.1\org.springframework.boot\spring-boot\2.0.5.RELEASE\19a4624cbd89a318d10c79f289c6c816043850fb\spring-boot-2.0.5.RELEASE.jar;C:\Users\darrel.ma\.gradle\caches\modules-2\files-2.1\com.jayway.jsonpath\json-path\2.4.0\765a4401ceb2dc8d40553c2075eb80a8fa35c2ae\json-path-2.4.0.jar;C:\Users\darrel.ma\.gradle\caches\modules-2\files-2.1\junit\junit\4.12\2973d150c0dc1fefe998f834810d68f278ea58ec\junit-4.12.jar;C:\Users\darrel.ma\.gradle\caches\modules-2\files-2.1\org.assertj\assertj-core\3.9.1\c5ce126b15f28d56cd8f960c1a6a058b9c9aea87\assertj-core-3.9.1.jar;C:\Users\darrel.ma\.gradle\caches\modules-2\files-2.1\org.mockito\mockito-core\2.15.0\b84bfbbc29cd22c9529409627af6ea2897f4fa85\mockito-core-2.15.0.jar;C:\Users\darrel.ma\.gradle\caches\modules-2\files-2.1\org.hamcrest\hamcrest-library\1.3\4785a3c21320980282f9f33d0d1264a69040538f\hamcrest-library-1.3.jar;C:\Users\darrel.ma\.gradle\caches\modules-2\files-2.1\org.hamcrest\hamcrest-core\1.3\42a25dc3219429f0e5d060061f71acb49bf010a0\hamcrest-core-1.3.jar;C:\Users\darrel.ma\.gradle\caches\modules-2\files-2.1\org.skyscreamer\jsonassert\1.5.0\6c9d5fe2f59da598d9aefc1cfc6528ff3cf32df3\jsonassert-1.5.0.jar;C:\Users\darrel.ma\.gradle\caches\modules-2\files-2.1\org.springframework\spring-test\5.0.9.RELEASE\218c8648f898453be92d550252e0ce2a84b54375\spring-test-5.0.9.RELEASE.jar;C:\Users\darrel.ma\.gradle\caches\modules-2\files-2.1\org.springframework\spring-context\5.0.9.RELEASE\2501e55acb6c2e84667cda3f845d1d00a0dc4e05\spring-context-5.0.9.RELEASE.jar;C:\Users\darrel.ma\.gradle\caches\modules-2\files-2.1\org.springframework\spring-expression\5.0.9.RELEASE\1f9db5ff3a758102c0434cc3457aa47c50c39a4a\spring-expression-5.0.9.RELEASE.jar;C:\Users\darrel.ma\.gradle\caches\modules-2\files-2.1\org.springframework\spring-aop\5.0.9.RELEASE\98003b099697fe46b6bdf18c7e3f66d7a1381060\spring-aop-5.0.9.RELEASE.jar;C:\Users\darrel.ma\.gradle\caches\modules-2\files-2.1\org.springframework\spring-beans\5.0.9.RELEASE\65f56fdab1bb90ad059e314d2f2f4cf76f9bdbde\spring-beans-5.0.9.RELEASE.jar;C:\Users\darrel.ma\.gradle\caches\modules-2\files-2.1\org.springframework\spring-core\5.0.9.RELEASE\9f9a828936d81afd49a603bda9cc1aed863a0d85\spring-core-5.0.9.RELEASE.jar;C:\Users\darrel.ma\.gradle\caches\modules-2\files-2.1\org.xmlunit\xmlunit-core\2.5.1\4ffdb346572a7356f7521cd3119ce5287d2e339d\xmlunit-core-2.5.1.jar;C:\Users\darrel.ma\.gradle\caches\modules-2\files-2.1\org.springframework.boot\spring-boot-starter-logging\2.0.5.RELEASE\c353e0b9591d0765c687ff0a678478cbebfd5c23\spring-boot-starter-logging-2.0.5.RELEASE.jar;C:\Users\darrel.ma\.gradle\caches\modules-2\files-2.1\javax.annotation\javax.annotation-api\1.3.2\934c04d3cfef185a8008e7bf34331b79730a9d43\javax.annotation-api-1.3.2.jar;C:\Users\darrel.ma\.gradle\caches\modules-2\files-2.1\org.yaml\snakeyaml\1.19\2d998d3d674b172a588e54ab619854d073f555b5\snakeyaml-1.19.jar;C:\Users\darrel.ma\.gradle\caches\modules-2\files-2.1\com.fasterxml.jackson.datatype\jackson-datatype-jdk8\2.9.6\456895fc91bf7180b216fead220373e6278230c9\jackson-datatype-jdk8-2.9.6.jar;C:\Users\darrel.ma\.gradle\caches\modules-2\files-2.1\com.fasterxml.jackson.datatype\jackson-datatype-jsr310\2.9.6\ea54f6193d224e5e5732bbd4262327eb465397c2\jackson-datatype-jsr310-2.9.6.jar;C:\Users\darrel.ma\.gradle\caches\modules-2\files-2.1\com.fasterxml.jackson.module\jackson-module-parameter-names\2.9.6\129acd77a4b6ee30d62d3a0899b1344c8ec2bff8\jackson-module-parameter-names-2.9.6.jar;C:\Users\darrel.ma\.gradle\caches\modules-2\files-2.1\com.fasterxml.jackson.core\jackson-databind\2.9.6\cfa4f316351a91bfd95cb0644c6a2c95f52db1fc\jackson-databind-2.9.6.jar;C:\Users\darrel.ma\.gradle\caches\modules-2\files-2.1\org.apache.tomcat.embed\tomcat-embed-websocket\8.5.34\5f86906367c2540b21e6aeecc277d2ce9ec939b0\tomcat-embed-websocket-8.5.34.jar;C:\Users\darrel.ma\.gradle\caches\modules-2\files-2.1\org.apache.tomcat.embed\tomcat-embed-core\8.5.34\a038040d68a90397f95dd1e11b979fe364a5000f\tomcat-embed-core-8.5.34.jar;C:\Users\darrel.ma\.gradle\caches\modules-2\files-2.1\org.apache.tomcat.embed\tomcat-embed-el\8.5.34\be71a9a5bdd001db7cf97c47429eec0bdd3b7b88\tomcat-embed-el-8.5.34.jar;C:\Users\darrel.ma\.gradle\caches\modules-2\files-2.1\javax.validation\validation-api\2.0.1.Final\cb855558e6271b1b32e716d24cb85c7f583ce09e\validation-api-2.0.1.Final.jar;C:\Users\darrel.ma\.gradle\caches\modules-2\files-2.1\org.jboss.logging\jboss-logging\3.3.2.Final\3789d00e859632e6c6206adc0c71625559e6e3b0\jboss-logging-3.3.2.Final.jar;C:\Users\darrel.ma\.gradle\caches\modules-2\files-2.1\com.fasterxml\classmate\1.3.4\3d5f48f10bbe4eb7bd862f10c0583be2e0053c6\classmate-1.3.4.jar;C:\Users\darrel.ma\.gradle\caches\modules-2\files-2.1\io.opentracing.contrib\opentracing-concurrent\0.1.0\1f6cd2589ae7e49058ac5c02717e034fb4f4123f\opentracing-concurrent-0.1.0.jar;C:\Users\darrel.ma\.gradle\caches\modules-2\files-2.1\io.opentracing.contrib\opentracing-jdbc\0.0.6\65f44a2b869ddcbc2843f631696120956da9512b\opentracing-jdbc-0.0.6.jar;C:\Users\darrel.ma\.gradle\caches\modules-2\files-2.1\io.opentracing.contrib\opentracing-rxjava-1\0.0.7\e8b7807dd6326b3335d1186d009848bda9509f6a\opentracing-rxjava-1-0.0.7.jar;C:\Users\darrel.ma\.gradle\caches\modules-2\files-2.1\io.opentracing.contrib\opentracing-spring-messaging-starter\0.0.5\52bc9a6a1739bc51ac804b349d62a38889c68c2e\opentracing-spring-messaging-starter-0.0.5.jar;C:\Users\darrel.ma\.gradle\caches\modules-2\files-2.1\io.github.openfeign.opentracing\feign-hystrix-opentracing\0.1.0\6211ebf3645b2dc2154243fa68a103cf5da646a2\feign-hystrix-opentracing-0.1.0.jar;C:\Users\darrel.ma\.gradle\caches\modules-2\files-2.1\io.opentracing.contrib\opentracing-jms-spring\0.0.5\8e74854e6a0834fcb5f11a287d49499c073dc0fb\opentracing-jms-spring-0.0.5.jar;C:\Users\darrel.ma\.gradle\caches\modules-2\files-2.1\io.opentracing.contrib\opentracing-jms-1\0.0.5\bbe627a3fef82d0d3521e1da0a59a930ecf7bc7c\opentracing-jms-1-0.0.5.jar;C:\Users\darrel.ma\.gradle\caches\modules-2\files-2.1\io.opentracing.contrib\opentracing-jms-common\0.0.5\85331926e2aff9f1317f7e92e0c4f5cb27bbbf32\opentracing-jms-common-0.0.5.jar;C:\Users\darrel.ma\.gradle\caches\modules-2\files-2.1\io.jaegertracing\jaeger-thrift\0.29.0\24c8bed5819c8a08280d84dea7d298361d94b512\jaeger-thrift-0.29.0.jar;C:\Users\darrel.ma\.gradle\caches\modules-2\files-2.1\io.github.openfeign.opentracing\feign-opentracing\0.1.0\d9a5097f2bf6a3249de6d6a0103222f8a3ef1713\feign-opentracing-0.1.0.jar;C:\Users\darrel.ma\.gradle\caches\modules-2\files-2.1\io.opentracing.contrib\opentracing-spring-web\0.2.1\c22fab348f7b2a59628d808cc59c1dd91567aefb\opentracing-spring-web-0.2.1.jar;C:\Users\darrel.ma\.gradle\caches\modules-2\files-2.1\io.opentracing.contrib\opentracing-web-servlet-filter\0.1.0\c3f85ad37310a0d8816264d0e8f5b2fe1ef1d04b\opentracing-web-servlet-filter-0.1.0.jar;C:\Users\darrel.ma\.gradle\caches\modules-2\files-2.1\io.opentracing\opentracing-util\0.31.0\a89ecf241924aed9f0e5a8cffa077764c85e94ea\opentracing-util-0.31.0.jar;C:\Users\darrel.ma\.gradle\caches\modules-2\files-2.1\io.opentracing\opentracing-noop\0.31.0\b6fd6821dbc9f46d1e6dcfc28d60a0f016a87fa\opentracing-noop-0.31.0.jar;C:\Users\darrel.ma\.gradle\caches\modules-2\files-2.1\io.opentracing\opentracing-api\0.31.0\1d3b149394dc4d612c037df32df5971f414be022\opentracing-api-0.31.0.jar;C:\Users\darrel.ma\.gradle\caches\modules-2\files-2.1\com.google.code.gson\gson\2.8.5\f645ed69d595b24d4cf8b3fbb64cc505bede8829\gson-2.8.5.jar;C:\Users\darrel.ma\.gradle\caches\modules-2\files-2.1\ch.qos.logback\logback-classic\1.2.3\7c4f3c474fb2c041d8028740440937705ebb473a\logback-classic-1.2.3.jar;C:\Users\darrel.ma\.gradle\caches\modules-2\files-2.1\org.apache.logging.log4j\log4j-to-slf4j\2.10.0\f7e631ccf49cfc0aefa4a2a728da7d374c05bd3c\log4j-to-slf4j-2.10.0.jar;C:\Users\darrel.ma\.gradle\caches\modules-2\files-2.1\org.slf4j\jul-to-slf4j\1.7.25\af5364cd6679bfffb114f0dec8a157aaa283b76\jul-to-slf4j-1.7.25.jar;C:\Users\darrel.ma\.gradle\caches\modules-2\files-2.1\org.apache.thrift\libthrift\0.9.2\9b067e2e2c5291e9f0d8b3561b1654286e6d81ee\libthrift-0.9.2.jar;C:\Users\darrel.ma\.gradle\caches\modules-2\files-2.1\org.slf4j\slf4j-api\1.7.25\da76ca59f6a57ee3102f8f9bd9cee742973efa8a\slf4j-api-1.7.25.jar;C:\Users\darrel.ma\.gradle\caches\modules-2\files-2.1\com.squareup.okhttp3\okhttp\3.9.0\1b6c10b5120995a7542c1a31b7828fb8593c8ba\okhttp-3.9.0.jar;C:\Users\darrel.ma\.gradle\caches\modules-2\files-2.1\org.codehaus.groovy\groovy-xml\2.4.15\40865f59469e6b0808c9c304bd17038997220c72\groovy-xml-2.4.15.jar;C:\Users\darrel.ma\.gradle\caches\modules-2\files-2.1\org.codehaus.groovy\groovy\2.4.15\74b7e0b99526c569e3a59cb84dbcc6204d601ee6\groovy-2.4.15.jar;C:\Users\darrel.ma\.gradle\caches\modules-2\files-2.1\net.minidev\json-smart\2.3\7396407491352ce4fa30de92efb158adb76b5b\json-smart-2.3.jar;C:\Users\darrel.ma\.gradle\caches\modules-2\files-2.1\net.bytebuddy\byte-buddy\1.7.11\f02857a4e2c66ccbe7aaad6100a0a6c461bce9b3\byte-buddy-1.7.11.jar;C:\Users\darrel.ma\.gradle\caches\modules-2\files-2.1\net.bytebuddy\byte-buddy-agent\1.7.11\b425a8933ca07edd03c6dbc8bc3b595fba9780de\byte-buddy-agent-1.7.11.jar;C:\Users\darrel.ma\.gradle\caches\modules-2\files-2.1\org.objenesis\objenesis\2.6\639033469776fd37c08358c6b92a4761feb2af4b\objenesis-2.6.jar;C:\Users\darrel.ma\.gradle\caches\modules-2\files-2.1\com.vaadin.external.google\android-json\0.0.20131108.vaadin1\fa26d351fe62a6a17f5cda1287c1c6110dec413f\android-json-0.0.20131108.vaadin1.jar;C:\Users\darrel.ma\.gradle\caches\modules-2\files-2.1\org.springframework\spring-jcl\5.0.9.RELEASE\bc3b5aaae53f0bc03647e53ecbd98a05b47a4e90\spring-jcl-5.0.9.RELEASE.jar;C:\Users\darrel.ma\.gradle\caches\modules-2\files-2.1\com.fasterxml.jackson.core\jackson-annotations\2.9.0\7c10d545325e3a6e72e06381afe469fd40eb701\jackson-annotations-2.9.0.jar;C:\Users\darrel.ma\.gradle\caches\modules-2\files-2.1\com.fasterxml.jackson.core\jackson-core\2.9.6\4e393793c37c77e042ccc7be5a914ae39251b365\jackson-core-2.9.6.jar;C:\Users\darrel.ma\.gradle\caches\modules-2\files-2.1\org.aspectj\aspectjweaver\1.8.13\ad94df2a28d658a40dc27bbaff6a1ce5fbf04e9b\aspectjweaver-1.8.13.jar;C:\Users\darrel.ma\.gradle\caches\modules-2\files-2.1\io.opentracing.contrib\opentracing-spring-messaging\0.0.5\585d31c1a669868cc0676ce93ea0d30194e81e17\opentracing-spring-messaging-0.0.5.jar;C:\Users\darrel.ma\.gradle\caches\modules-2\files-2.1\com.squareup.okio\okio\1.13.0\a9283170b7305c8d92d25aff02a6ab7e45d06cbe\okio-1.13.0.jar;C:\Users\darrel.ma\.gradle\caches\modules-2\files-2.1\net.minidev\accessors-smart\1.2\c592b500269bfde36096641b01238a8350f8aa31\accessors-smart-1.2.jar;C:\Users\darrel.ma\.gradle\caches\modules-2\files-2.1\ch.qos.logback\logback-core\1.2.3\864344400c3d4d92dfeb0a305dc87d953677c03c\logback-core-1.2.3.jar;C:\Users\darrel.ma\.gradle\caches\modules-2\files-2.1\org.apache.logging.log4j\log4j-api\2.10.0\fec5797a55b786184a537abd39c3fa1449d752d6\log4j-api-2.10.0.jar;C:\Users\darrel.ma\.gradle\caches\modules-2\files-2.1\org.apache.httpcomponents\httpclient\4.5.6\1afe5621985efe90a92d0fbc9be86271efbe796f\httpclient-4.5.6.jar;C:\Users\darrel.ma\.gradle\caches\modules-2\files-2.1\org.apache.httpcomponents\httpcore\4.4.10\acc54d9b28bdffe4bbde89ed2e4a1e86b5285e2b\httpcore-4.4.10.jar;C:\Users\darrel.ma\.gradle\caches\modules-2\files-2.1\org.ow2.asm\asm\5.0.4\da08b8cce7bbf903602a25a3a163ae252435795\asm-5.0.4.jar;C:\Users\darrel.ma\.gradle\caches\modules-2\files-2.1\commons-codec\commons-codec\1.11\3acb4705652e16236558f0f4f2192cc33c3bd189\commons-codec-1.11.jar, user.name=darrel.ma, java.vm.specification.version=1.8, sun.java.command=worker.org.gradle.process.internal.worker.GradleWorkerMain 'Gradle Test Executor 2', java.home=C:\Program Files\Java\jdk1.8.0_181\jre, sun.arch.data.model=64, user.language=en, java.specification.vendor=Oracle Corporation, awt.toolkit=sun.awt.windows.WToolkit, java.vm.info=mixed mode, java.version=1.8.0_181, java.ext.dirs=C:\Program Files\Java\jdk1.8.0_181\jre\lib\ext;C:\WINDOWS\Sun\Java\lib\ext, sun.boot.class.path=C:\Program Files\Java\jdk1.8.0_181\jre\lib\resources.jar;C:\Program Files\Java\jdk1.8.0_181\jre\lib\rt.jar;C:\Program Files\Java\jdk1.8.0_181\jre\lib\sunrsasign.jar;C:\Program Files\Java\jdk1.8.0_181\jre\lib\jsse.jar;C:\Program Files\Java\jdk1.8.0_181\jre\lib\jce.jar;C:\Program Files\Java\jdk1.8.0_181\jre\lib\charsets.jar;C:\Program Files\Java\jdk1.8.0_181\jre\lib\jfr.jar;C:\Program Files\Java\jdk1.8.0_181\jre\classes, java.vendor=Oracle Corporation, org.gradle.test.worker=2, file.separator=\, java.vendor.url.bug=http://bugreport.sun.com/bugreport/, sun.io.unicode.encoding=UnicodeLittle, sun.cpu.endian=little, sun.desktop=windows, sun.cpu.isalist=amd64}}, SystemEnvironmentPropertySource@928430596 {name='systemEnvironment', properties={USERDOMAIN_ROAMINGPROFILE=GROUPINFRA, NO_PROXY=192.168.99.100,192.168.99.101,192.168.99.103, PROCESSOR_LEVEL=6, SESSIONNAME=Console, ALLUSERSPROFILE=C:\ProgramData, PROCESSOR_ARCHITECTURE=AMD64, PSModulePath=;, SystemDrive=C:, DEFLOGDIR=C:\ProgramData\McAfee\DesktopProtection, MAVEN_HOME=C:\Program Files\Apache\maven, DIRNAME=C:\Users\darrel.ma\dev\old sprincube\account-service\, USERNAME=darrel.ma, USERDNSDOMAIN=GROUPINFRA.COM, CMD_LINE_ARGS=clean build, ProgramFiles(x86)=C:\Program Files (x86), FPS_BROWSER_USER_PROFILE_STRING=Default, APP_HOME=C:\Users\darrel.ma\dev\old sprincube\account-service\, PATHEXT=.COM;.EXE;.BAT;.CMD;.VBS;.VBE;.JS;.JSE;.WSF;.WSH;.MSC, COMPOSE_CONVERT_WINDOWS_PATHS=true, GOPATH=C:\Users\darrel.ma\go, ProgramData=C:\ProgramData, ProgramW6432=C:\Program Files, HOMEPATH=\Users\darrel.ma, PROCESSOR_IDENTIFIER=Intel64 Family 6 Model 158 Stepping 9, GenuineIntel, M2_HOME=C:\Program Files\Apache\maven, ProgramFiles=C:\Program Files, PUBLIC=C:\Users\Public, windir=C:\WINDOWS, =::=::\, _SKIP=2, LOCALAPPDATA=C:\Users\darrel.ma\AppData\Local, ChocolateyLastPathUpdate=Mon Sep 17 13:33:54 2018, USERDOMAIN=GROUPINFRA, FPS_BROWSER_APP_PROFILE_STRING=Internet Explorer, LOGONSERVER=\\CZ-DC003, JAVA_HOME=C:\Program Files\Java\jdk1.8.0_181, PROMPT=$P$G, OneDrive=C:\Users\darrel.ma\OneDrive, =C:=C:\Users\darrel.ma\dev\old sprincube\account-service, APPDATA=C:\Users\darrel.ma\AppData\Roaming, JAVA_EXE=C:\Program Files\Java\jdk1.8.0_181/bin/java.exe, ChocolateyInstall=C:\ProgramData\chocolatey, VSEDEFLOGDIR=C:\ProgramData\McAfee\DesktopProtection, CommonProgramFiles=C:\Program Files\Common Files, Path=C:\Program Files\Docker\Docker\Resources\bin;C:\Program Files (x86)\Common Files\Oracle\Java\javapath;C:\ProgramData\Oracle\Java\javapath;C:\WINDOWS\system32;C:\WINDOWS;C:\WINDOWS\System32\Wbem;C:\WINDOWS\System32\WindowsPowerShell\v1.0\;C:\Program Files (x86)\WebEx\Productivity Tools;C:\Program Files\Git\cmd;C:\Users\darrel.ma\AppData\Roaming\Cloud Foundry;C:\Users\darrel.ma\AppData\Local\Microsoft\WindowsApps;C:\Gradle\gradle-4.10\bin;C:\ProgramData\chocolatey\bin;C:\Go\bin;C:\Program Files\Apache\maven\bin;C:\Program Files\Java\jdk1.8.0_181\bin;C:\Users\darrel.ma\istio-1.0.2\bin;C:\Users\darrel.ma\go\bin;C:\Users\darrel.ma\AppData\Local\Microsoft\WindowsApps;C:\Gradle\gradle-4.10\bin;C:\Users\darrel.ma\go\bin;C:\Program Files\Java\jdk1.8.0_181\bin;C:\Users\darrel.ma\istio-1.0.2\bin;, OS=Windows_NT, COMPUTERNAME=CA-L7HSMPH2, PROCESSOR_REVISION=9e09, CLASSPATH=C:\Users\darrel.ma\dev\old sprincube\account-service\\gradle\wrapper\gradle-wrapper.jar, CommonProgramW6432=C:\Program Files\Common Files, GOROOT=C:\Go\, ComSpec=C:\WINDOWS\system32\cmd.exe, UATDATA=C:\WINDOWS\CCM\UATData\D9F8C395-CAB8-491d-B8AC-179A1FE1BE77, APP_BASE_NAME=gradlew, SystemRoot=C:\WINDOWS, TEMP=C:\Users\darrel.ma\AppData\Local\Temp, HOMEDRIVE=C:, USERPROFILE=C:\Users\darrel.ma, TMP=C:\Users\darrel.ma\AppData\Local\Temp, CommonProgramFiles(x86)=C:\Program Files (x86)\Common Files, NUMBER_OF_PROCESSORS=8}}]
13:56:28.095 [Test worker] DEBUG org.springframework.test.context.support.TestPropertySourceUtils - Adding inlined properties to environment: {spring.jmx.enabled=false, org.springframework.boot.test.context.SpringBootTestContextBootstrapper=true, server.port=-1}
13:56:28.095 [Test worker] DEBUG org.springframework.core.env.StandardEnvironment - Adding PropertySource 'Inlined Test Properties' with highest search precedence

  .   ____          _            __ _ _
 /\\ / ___'_ __ _ _(_)_ __  __ _ \ \ \ \
( ( )\___ | '_ | '_| | '_ \/ _` | \ \ \ \
 \\/  ___)| |_)| | | | | || (_| |  ) ) ) )
  '  |____| .__|_| |_|_| |_\__, | / / / /
 =========|_|==============|___/=/_/_/_/
 :: Spring Boot ::        (v2.0.5.RELEASE)

2018-11-06 13:56:28.578  INFO 10768 --- [    Test worker] s.a.AccountServiceApplicationTests       : Starting AccountServiceApplicationTests on CA-L7HSMPH2 with PID 10768 (started by darrel.ma in C:\Users\darrel.ma\dev\old sprincube\account-service)
2018-11-06 13:56:28.581  INFO 10768 --- [    Test worker] s.a.AccountServiceApplicationTests       : No active profile set, falling back to default profiles: default
2018-11-06 13:56:29.035  INFO 10768 --- [    Test worker] o.s.w.c.s.GenericWebApplicationContext   : Refreshing org.springframework.web.context.support.GenericWebApplicationContext@6e066e03: startup date [Tue Nov 06 13:56:29 EST 2018]; root of context hierarchy
2018-11-06 13:56:30.373  INFO 10768 --- [    Test worker] trationDelegate$BeanPostProcessorChecker : Bean 'io.opentracing.contrib.spring.cloud.async.DefaultAsyncAutoConfiguration$DefaultTracedAsyncConfigurerSupport' of type [io.opentracing.contrib.spring.cloud.async.DefaultAsyncAutoConfiguration$DefaultTracedAsyncConfigurerSupport$$EnhancerBySpringCGLIB$$8fbfd129] is not eligible for getting processed by all BeanPostProcessors (for example: not eligible for auto-proxying)
2018-11-06 13:56:30.503  INFO 10768 --- [    Test worker] trationDelegate$BeanPostProcessorChecker : Bean 'io.opentracing.contrib.spring.cloud.async.DefaultAsyncAutoConfiguration' of type [io.opentracing.contrib.spring.cloud.async.DefaultAsyncAutoConfiguration$$EnhancerBySpringCGLIB$$90dda1c6] is not eligible for getting processed by all BeanPostProcessors (for example: not eligible for auto-proxying)
2018-11-06 13:56:31.539  INFO 10768 --- [    Test worker] o.s.w.s.handler.SimpleUrlHandlerMapping  : Mapped URL path [/**/favicon.ico] onto handler of type [class org.springframework.web.servlet.resource.ResourceHttpRequestHandler]
2018-11-06 13:56:31.665  WARN 10768 --- [    Test worker] i.o.c.tracerresolver.TracerResolver      : Error resolving tracer using io.jaegertracing.tracerresolver.JaegerTracerResolver@7b5f6841: Service name must not be null or empty

java.lang.IllegalArgumentException: Service name must not be null or empty
	at io.jaegertracing.Tracer$Builder.checkValidServiceName(Tracer.java:585) ~[jaeger-core-0.29.0.jar:0.29.0]
	at io.jaegertracing.Configuration.<init>(Configuration.java:172) ~[jaeger-core-0.29.0.jar:0.29.0]
	at io.jaegertracing.Configuration.fromEnv(Configuration.java:180) ~[jaeger-core-0.29.0.jar:0.29.0]
	at io.jaegertracing.tracerresolver.JaegerTracerResolver.resolve(JaegerTracerResolver.java:24) ~[jaeger-tracerresolver-0.29.0.jar:0.29.0]
	at io.opentracing.contrib.tracerresolver.TracerResolver.resolveTracer(TracerResolver.java:75) ~[opentracing-tracerresolver-0.1.4.jar:na]
	at io.opentracing.contrib.spring.web.autoconfig.TracerAutoConfiguration.getTracer(TracerAutoConfiguration.java:41) [opentracing-spring-web-autoconfigure-0.2.1.jar:na]
	at io.opentracing.contrib.spring.web.autoconfig.TracerAutoConfiguration$$EnhancerBySpringCGLIB$$9730d998.CGLIB$getTracer$0(<generated>) [opentracing-spring-web-autoconfigure-0.2.1.jar:na]
	at io.opentracing.contrib.spring.web.autoconfig.TracerAutoConfiguration$$EnhancerBySpringCGLIB$$9730d998$$FastClassBySpringCGLIB$$5141db63.invoke(<generated>) [opentracing-spring-web-autoconfigure-0.2.1.jar:na]
	at org.springframework.cglib.proxy.MethodProxy.invokeSuper(MethodProxy.java:228) [spring-core-5.0.9.RELEASE.jar:5.0.9.RELEASE]
	at org.springframework.context.annotation.ConfigurationClassEnhancer$BeanMethodInterceptor.intercept(ConfigurationClassEnhancer.java:365) [spring-context-5.0.9.RELEASE.jar:5.0.9.RELEASE]
	at io.opentracing.contrib.spring.web.autoconfig.TracerAutoConfiguration$$EnhancerBySpringCGLIB$$9730d998.getTracer(<generated>) [opentracing-spring-web-autoconfigure-0.2.1.jar:na]
	at sun.reflect.NativeMethodAccessorImpl.invoke0(Native Method) ~[na:1.8.0_181]
	at sun.reflect.NativeMethodAccessorImpl.invoke(NativeMethodAccessorImpl.java:62) ~[na:1.8.0_181]
	at sun.reflect.DelegatingMethodAccessorImpl.invoke(DelegatingMethodAccessorImpl.java:43) ~[na:1.8.0_181]
	at java.lang.reflect.Method.invoke(Method.java:498) ~[na:1.8.0_181]
	at org.springframework.beans.factory.support.SimpleInstantiationStrategy.instantiate(SimpleInstantiationStrategy.java:154) [spring-beans-5.0.9.RELEASE.jar:5.0.9.RELEASE]
	at org.springframework.beans.factory.support.ConstructorResolver.instantiateUsingFactoryMethod(ConstructorResolver.java:582) [spring-beans-5.0.9.RELEASE.jar:5.0.9.RELEASE]
	at org.springframework.beans.factory.support.AbstractAutowireCapableBeanFactory.instantiateUsingFactoryMethod(AbstractAutowireCapableBeanFactory.java:1247) [spring-beans-5.0.9.RELEASE.jar:5.0.9.RELEASE]
	at org.springframework.beans.factory.support.AbstractAutowireCapableBeanFactory.createBeanInstance(AbstractAutowireCapableBeanFactory.java:1096) [spring-beans-5.0.9.RELEASE.jar:5.0.9.RELEASE]
	at org.springframework.beans.factory.support.AbstractAutowireCapableBeanFactory.doCreateBean(AbstractAutowireCapableBeanFactory.java:535) [spring-beans-5.0.9.RELEASE.jar:5.0.9.RELEASE]
	at org.springframework.beans.factory.support.AbstractAutowireCapableBeanFactory.createBean(AbstractAutowireCapableBeanFactory.java:495) [spring-beans-5.0.9.RELEASE.jar:5.0.9.RELEASE]
	at org.springframework.beans.factory.support.AbstractBeanFactory.lambda$doGetBean$0(AbstractBeanFactory.java:317) [spring-beans-5.0.9.RELEASE.jar:5.0.9.RELEASE]
	at org.springframework.beans.factory.support.DefaultSingletonBeanRegistry.getSingleton(DefaultSingletonBeanRegistry.java:222) ~[spring-beans-5.0.9.RELEASE.jar:5.0.9.RELEASE]
	at org.springframework.beans.factory.support.AbstractBeanFactory.doGetBean(AbstractBeanFactory.java:315) [spring-beans-5.0.9.RELEASE.jar:5.0.9.RELEASE]
	at org.springframework.beans.factory.support.AbstractBeanFactory.getBean(AbstractBeanFactory.java:199) [spring-beans-5.0.9.RELEASE.jar:5.0.9.RELEASE]
	at org.springframework.beans.factory.config.DependencyDescriptor.resolveCandidate(DependencyDescriptor.java:251) ~[spring-beans-5.0.9.RELEASE.jar:5.0.9.RELEASE]
	at org.springframework.beans.factory.support.DefaultListableBeanFactory.doResolveDependency(DefaultListableBeanFactory.java:1135) ~[spring-beans-5.0.9.RELEASE.jar:5.0.9.RELEASE]
	at org.springframework.beans.factory.support.DefaultListableBeanFactory.resolveDependency(DefaultListableBeanFactory.java:1062) ~[spring-beans-5.0.9.RELEASE.jar:5.0.9.RELEASE]
	at org.springframework.beans.factory.support.ConstructorResolver.resolveAutowiredArgument(ConstructorResolver.java:818) [spring-beans-5.0.9.RELEASE.jar:5.0.9.RELEASE]
	at org.springframework.beans.factory.support.ConstructorResolver.createArgumentArray(ConstructorResolver.java:724) [spring-beans-5.0.9.RELEASE.jar:5.0.9.RELEASE]
	at org.springframework.beans.factory.support.ConstructorResolver.instantiateUsingFactoryMethod(ConstructorResolver.java:474) [spring-beans-5.0.9.RELEASE.jar:5.0.9.RELEASE]
	at org.springframework.beans.factory.support.AbstractAutowireCapableBeanFactory.instantiateUsingFactoryMethod(AbstractAutowireCapableBeanFactory.java:1247) [spring-beans-5.0.9.RELEASE.jar:5.0.9.RELEASE]
	at org.springframework.beans.factory.support.AbstractAutowireCapableBeanFactory.createBeanInstance(AbstractAutowireCapableBeanFactory.java:1096) [spring-beans-5.0.9.RELEASE.jar:5.0.9.RELEASE]
	at org.springframework.beans.factory.support.AbstractAutowireCapableBeanFactory.doCreateBean(AbstractAutowireCapableBeanFactory.java:535) [spring-beans-5.0.9.RELEASE.jar:5.0.9.RELEASE]
	at org.springframework.beans.factory.support.AbstractAutowireCapableBeanFactory.createBean(AbstractAutowireCapableBeanFactory.java:495) [spring-beans-5.0.9.RELEASE.jar:5.0.9.RELEASE]
	at org.springframework.beans.factory.support.AbstractBeanFactory.lambda$doGetBean$0(AbstractBeanFactory.java:317) [spring-beans-5.0.9.RELEASE.jar:5.0.9.RELEASE]
	at org.springframework.beans.factory.support.DefaultSingletonBeanRegistry.getSingleton(DefaultSingletonBeanRegistry.java:222) ~[spring-beans-5.0.9.RELEASE.jar:5.0.9.RELEASE]
	at org.springframework.beans.factory.support.AbstractBeanFactory.doGetBean(AbstractBeanFactory.java:315) [spring-beans-5.0.9.RELEASE.jar:5.0.9.RELEASE]
	at org.springframework.beans.factory.support.AbstractBeanFactory.getBean(AbstractBeanFactory.java:199) [spring-beans-5.0.9.RELEASE.jar:5.0.9.RELEASE]
	at org.springframework.beans.factory.config.DependencyDescriptor.resolveCandidate(DependencyDescriptor.java:251) ~[spring-beans-5.0.9.RELEASE.jar:5.0.9.RELEASE]
	at org.springframework.beans.factory.support.DefaultListableBeanFactory.addCandidateEntry(DefaultListableBeanFactory.java:1322) ~[spring-beans-5.0.9.RELEASE.jar:5.0.9.RELEASE]
	at org.springframework.beans.factory.support.DefaultListableBeanFactory.findAutowireCandidates(DefaultListableBeanFactory.java:1288) ~[spring-beans-5.0.9.RELEASE.jar:5.0.9.RELEASE]
	at org.springframework.beans.factory.support.DefaultListableBeanFactory.resolveMultipleBeans(DefaultListableBeanFactory.java:1190) ~[spring-beans-5.0.9.RELEASE.jar:5.0.9.RELEASE]
	at org.springframework.beans.factory.support.DefaultListableBeanFactory.doResolveDependency(DefaultListableBeanFactory.java:1093) ~[spring-beans-5.0.9.RELEASE.jar:5.0.9.RELEASE]
	at org.springframework.beans.factory.support.DefaultListableBeanFactory.resolveDependency(DefaultListableBeanFactory.java:1062) ~[spring-beans-5.0.9.RELEASE.jar:5.0.9.RELEASE]
	at org.springframework.beans.factory.annotation.AutowiredAnnotationBeanPostProcessor$AutowiredMethodElement.inject(AutowiredAnnotationBeanPostProcessor.java:658) ~[spring-beans-5.0.9.RELEASE.jar:5.0.9.RELEASE]
	at org.springframework.beans.factory.annotation.InjectionMetadata.inject(InjectionMetadata.java:90) ~[spring-beans-5.0.9.RELEASE.jar:5.0.9.RELEASE]
	at org.springframework.beans.factory.annotation.AutowiredAnnotationBeanPostProcessor.postProcessPropertyValues(AutowiredAnnotationBeanPostProcessor.java:372) ~[spring-beans-5.0.9.RELEASE.jar:5.0.9.RELEASE]
	at org.springframework.beans.factory.support.AbstractAutowireCapableBeanFactory.populateBean(AbstractAutowireCapableBeanFactory.java:1341) [spring-beans-5.0.9.RELEASE.jar:5.0.9.RELEASE]
	at org.springframework.beans.factory.support.AbstractAutowireCapableBeanFactory.doCreateBean(AbstractAutowireCapableBeanFactory.java:572) [spring-beans-5.0.9.RELEASE.jar:5.0.9.RELEASE]
	at org.springframework.beans.factory.support.AbstractAutowireCapableBeanFactory.createBean(AbstractAutowireCapableBeanFactory.java:495) [spring-beans-5.0.9.RELEASE.jar:5.0.9.RELEASE]
	at org.springframework.beans.factory.support.AbstractBeanFactory.lambda$doGetBean$0(AbstractBeanFactory.java:317) [spring-beans-5.0.9.RELEASE.jar:5.0.9.RELEASE]
	at org.springframework.beans.factory.support.DefaultSingletonBeanRegistry.getSingleton(DefaultSingletonBeanRegistry.java:222) ~[spring-beans-5.0.9.RELEASE.jar:5.0.9.RELEASE]
	at org.springframework.beans.factory.support.AbstractBeanFactory.doGetBean(AbstractBeanFactory.java:315) [spring-beans-5.0.9.RELEASE.jar:5.0.9.RELEASE]
	at org.springframework.beans.factory.support.AbstractBeanFactory.getBean(AbstractBeanFactory.java:199) [spring-beans-5.0.9.RELEASE.jar:5.0.9.RELEASE]
	at org.springframework.beans.factory.support.DefaultListableBeanFactory.preInstantiateSingletons(DefaultListableBeanFactory.java:759) ~[spring-beans-5.0.9.RELEASE.jar:5.0.9.RELEASE]
	at org.springframework.context.support.AbstractApplicationContext.finishBeanFactoryInitialization(AbstractApplicationContext.java:869) ~[spring-context-5.0.9.RELEASE.jar:5.0.9.RELEASE]
	at org.springframework.context.support.AbstractApplicationContext.refresh(AbstractApplicationContext.java:550) ~[spring-context-5.0.9.RELEASE.jar:5.0.9.RELEASE]
	at org.springframework.boot.SpringApplication.refresh(SpringApplication.java:780) ~[spring-boot-2.0.5.RELEASE.jar:2.0.5.RELEASE]
	at org.springframework.boot.SpringApplication.refreshContext(SpringApplication.java:412) ~[spring-boot-2.0.5.RELEASE.jar:2.0.5.RELEASE]
	at org.springframework.boot.SpringApplication.run(SpringApplication.java:333) ~[spring-boot-2.0.5.RELEASE.jar:2.0.5.RELEASE]
	at org.springframework.boot.test.context.SpringBootContextLoader.loadContext(SpringBootContextLoader.java:139) ~[spring-boot-test-2.0.5.RELEASE.jar:2.0.5.RELEASE]
	at org.springframework.test.context.cache.DefaultCacheAwareContextLoaderDelegate.loadContextInternal(DefaultCacheAwareContextLoaderDelegate.java:99) ~[spring-test-5.0.9.RELEASE.jar:5.0.9.RELEASE]
	at org.springframework.test.context.cache.DefaultCacheAwareContextLoaderDelegate.loadContext(DefaultCacheAwareContextLoaderDelegate.java:117) ~[spring-test-5.0.9.RELEASE.jar:5.0.9.RELEASE]
	at org.springframework.test.context.support.DefaultTestContext.getApplicationContext(DefaultTestContext.java:108) ~[spring-test-5.0.9.RELEASE.jar:5.0.9.RELEASE]
	at org.springframework.test.context.web.ServletTestExecutionListener.setUpRequestContextIfNecessary(ServletTestExecutionListener.java:190) ~[spring-test-5.0.9.RELEASE.jar:5.0.9.RELEASE]
	at org.springframework.test.context.web.ServletTestExecutionListener.prepareTestInstance(ServletTestExecutionListener.java:132) ~[spring-test-5.0.9.RELEASE.jar:5.0.9.RELEASE]
	at org.springframework.test.context.TestContextManager.prepareTestInstance(TestContextManager.java:246) ~[spring-test-5.0.9.RELEASE.jar:5.0.9.RELEASE]
	at org.springframework.test.context.junit4.SpringJUnit4ClassRunner.createTest(SpringJUnit4ClassRunner.java:227) ~[spring-test-5.0.9.RELEASE.jar:5.0.9.RELEASE]
	at org.springframework.test.context.junit4.SpringJUnit4ClassRunner$1.runReflectiveCall(SpringJUnit4ClassRunner.java:289) ~[spring-test-5.0.9.RELEASE.jar:5.0.9.RELEASE]
	at org.junit.internal.runners.model.ReflectiveCallable.run(ReflectiveCallable.java:12) ~[junit-4.12.jar:4.12]
	at org.springframework.test.context.junit4.SpringJUnit4ClassRunner.methodBlock(SpringJUnit4ClassRunner.java:291) ~[spring-test-5.0.9.RELEASE.jar:5.0.9.RELEASE]
	at org.springframework.test.context.junit4.SpringJUnit4ClassRunner.runChild(SpringJUnit4ClassRunner.java:246) ~[spring-test-5.0.9.RELEASE.jar:5.0.9.RELEASE]
	at org.springframework.test.context.junit4.SpringJUnit4ClassRunner.runChild(SpringJUnit4ClassRunner.java:97) ~[spring-test-5.0.9.RELEASE.jar:5.0.9.RELEASE]
	at org.junit.runners.ParentRunner$3.run(ParentRunner.java:290) ~[junit-4.12.jar:4.12]
	at org.junit.runners.ParentRunner$1.schedule(ParentRunner.java:71) ~[junit-4.12.jar:4.12]
	at org.junit.runners.ParentRunner.runChildren(ParentRunner.java:288) ~[junit-4.12.jar:4.12]
	at org.junit.runners.ParentRunner.access$000(ParentRunner.java:58) ~[junit-4.12.jar:4.12]
	at org.junit.runners.ParentRunner$2.evaluate(ParentRunner.java:268) ~[junit-4.12.jar:4.12]
	at org.springframework.test.context.junit4.statements.RunBeforeTestClassCallbacks.evaluate(RunBeforeTestClassCallbacks.java:61) ~[spring-test-5.0.9.RELEASE.jar:5.0.9.RELEASE]
	at org.springframework.test.context.junit4.statements.RunAfterTestClassCallbacks.evaluate(RunAfterTestClassCallbacks.java:70) ~[spring-test-5.0.9.RELEASE.jar:5.0.9.RELEASE]
	at org.junit.runners.ParentRunner.run(ParentRunner.java:363) ~[junit-4.12.jar:4.12]
	at org.springframework.test.context.junit4.SpringJUnit4ClassRunner.run(SpringJUnit4ClassRunner.java:190) ~[spring-test-5.0.9.RELEASE.jar:5.0.9.RELEASE]
	at org.gradle.api.internal.tasks.testing.junit.JUnitTestClassExecutor.runTestClass(JUnitTestClassExecutor.java:106) ~[na:na]
	at org.gradle.api.internal.tasks.testing.junit.JUnitTestClassExecutor.execute(JUnitTestClassExecutor.java:58) ~[na:na]
	at org.gradle.api.internal.tasks.testing.junit.JUnitTestClassExecutor.execute(JUnitTestClassExecutor.java:38) ~[na:na]
	at org.gradle.api.internal.tasks.testing.junit.AbstractJUnitTestClassProcessor.processTestClass(AbstractJUnitTestClassProcessor.java:66) ~[na:na]
	at org.gradle.api.internal.tasks.testing.SuiteTestClassProcessor.processTestClass(SuiteTestClassProcessor.java:51) ~[na:na]
	at sun.reflect.NativeMethodAccessorImpl.invoke0(Native Method) ~[na:1.8.0_181]
	at sun.reflect.NativeMethodAccessorImpl.invoke(NativeMethodAccessorImpl.java:62) ~[na:1.8.0_181]
	at sun.reflect.DelegatingMethodAccessorImpl.invoke(DelegatingMethodAccessorImpl.java:43) ~[na:1.8.0_181]
	at java.lang.reflect.Method.invoke(Method.java:498) ~[na:1.8.0_181]
	at org.gradle.internal.dispatch.ReflectionDispatch.dispatch(ReflectionDispatch.java:35) ~[na:na]
	at org.gradle.internal.dispatch.ReflectionDispatch.dispatch(ReflectionDispatch.java:24) ~[na:na]
	at org.gradle.internal.dispatch.ContextClassLoaderDispatch.dispatch(ContextClassLoaderDispatch.java:32) ~[na:na]
	at org.gradle.internal.dispatch.ProxyDispatchAdapter$DispatchingInvocationHandler.invoke(ProxyDispatchAdapter.java:93) ~[na:na]
	at com.sun.proxy.$Proxy1.processTestClass(Unknown Source) ~[na:na]
	at org.gradle.api.internal.tasks.testing.worker.TestWorker.processTestClass(TestWorker.java:109) ~[na:na]
	at sun.reflect.NativeMethodAccessorImpl.invoke0(Native Method) ~[na:1.8.0_181]
	at sun.reflect.NativeMethodAccessorImpl.invoke(NativeMethodAccessorImpl.java:62) ~[na:1.8.0_181]
	at sun.reflect.DelegatingMethodAccessorImpl.invoke(DelegatingMethodAccessorImpl.java:43) ~[na:1.8.0_181]
	at java.lang.reflect.Method.invoke(Method.java:498) ~[na:1.8.0_181]
	at org.gradle.internal.dispatch.ReflectionDispatch.dispatch(ReflectionDispatch.java:35) ~[na:na]
	at org.gradle.internal.dispatch.ReflectionDispatch.dispatch(ReflectionDispatch.java:24) ~[na:na]
	at org.gradle.internal.remote.internal.hub.MessageHubBackedObjectConnection$DispatchWrapper.dispatch(MessageHubBackedObjectConnection.java:155) ~[na:na]
	at org.gradle.internal.remote.internal.hub.MessageHubBackedObjectConnection$DispatchWrapper.dispatch(MessageHubBackedObjectConnection.java:137) ~[na:na]
	at org.gradle.internal.remote.internal.hub.MessageHub$Handler.run(MessageHub.java:404) ~[na:na]
	at org.gradle.internal.concurrent.ExecutorPolicy$CatchAndRecordFailures.onExecute(ExecutorPolicy.java:63) ~[na:na]
	at org.gradle.internal.concurrent.ManagedExecutorImpl$1.run(ManagedExecutorImpl.java:46) ~[na:na]
	at java.util.concurrent.ThreadPoolExecutor.runWorker(ThreadPoolExecutor.java:1149) ~[na:1.8.0_181]
	at java.util.concurrent.ThreadPoolExecutor$Worker.run(ThreadPoolExecutor.java:624) ~[na:1.8.0_181]
	at org.gradle.internal.concurrent.ThreadFactoryImpl$ManagedThreadRunnable.run(ThreadFactoryImpl.java:55) ~[na:na]
	at java.lang.Thread.run(Thread.java:748) ~[na:1.8.0_181]

2018-11-06 13:56:31.671  WARN 10768 --- [    Test worker] i.o.c.s.w.a.TracerAutoConfiguration      : Tracer bean is not configured! Switching to NoopTracer
2018-11-06 13:56:31.683  INFO 10768 --- [    Test worker] o.c.s.w.a.ServerTracingAutoConfiguration : Creating WebMvcConfigurerAdapter bean with class io.opentracing.contrib.spring.web.interceptor.TracingHandlerInterceptor
2018-11-06 13:56:32.118  INFO 10768 --- [    Test worker] s.w.s.m.m.a.RequestMappingHandlerAdapter : Looking for @ControllerAdvice: org.springframework.web.context.support.GenericWebApplicationContext@6e066e03: startup date [Tue Nov 06 13:56:29 EST 2018]; root of context hierarchy
2018-11-06 13:56:32.239  INFO 10768 --- [    Test worker] s.w.s.m.m.a.RequestMappingHandlerMapping : Mapped "{[/{Id}],methods=[GET]}" onto public java.util.Map<java.lang.String, java.lang.String> sprincube.accountservice.controller.AccountController.getUserById(java.lang.String)
2018-11-06 13:56:32.241  INFO 10768 --- [    Test worker] s.w.s.m.m.a.RequestMappingHandlerMapping : Mapped "{[/],methods=[GET]}" onto public java.util.Map<java.lang.String, java.lang.String> sprincube.accountservice.controller.AccountController.getUser()
2018-11-06 13:56:32.243  INFO 10768 --- [    Test worker] s.w.s.m.m.a.RequestMappingHandlerMapping : Mapped "{[/error]}" onto public org.springframework.http.ResponseEntity<java.util.Map<java.lang.String, java.lang.Object>> org.springframework.boot.autoconfigure.web.servlet.error.BasicErrorController.error(javax.servlet.http.HttpServletRequest)
2018-11-06 13:56:32.244  INFO 10768 --- [    Test worker] s.w.s.m.m.a.RequestMappingHandlerMapping : Mapped "{[/error],produces=[text/html]}" onto public org.springframework.web.servlet.ModelAndView org.springframework.boot.autoconfigure.web.servlet.error.BasicErrorController.errorHtml(javax.servlet.http.HttpServletRequest,javax.servlet.http.HttpServletResponse)
2018-11-06 13:56:32.315  INFO 10768 --- [    Test worker] o.s.w.s.handler.SimpleUrlHandlerMapping  : Mapped URL path [/webjars/**] onto handler of type [class org.springframework.web.servlet.resource.ResourceHttpRequestHandler]
2018-11-06 13:56:32.316  INFO 10768 --- [    Test worker] o.s.w.s.handler.SimpleUrlHandlerMapping  : Mapped URL path [/**] onto handler of type [class org.springframework.web.servlet.resource.ResourceHttpRequestHandler]
2018-11-06 13:56:32.615  INFO 10768 --- [    Test worker] o.c.s.w.a.ServerTracingAutoConfiguration : Creating FilterRegistrationBean bean with TracingFilter mapped to [/*], skip pattern is "/api-docs.*|/autoconfig|/configprops|/dump|/health|/info|/metrics.*|/mappings|/swagger.*|.*\.png|.*\.css|.*\.js|.*\.html|/favicon.ico|/hystrix.stream"
2018-11-06 13:56:32.672  WARN 10768 --- [    Test worker] .b.a.g.t.GroovyTemplateAutoConfiguration : Cannot find template location: classpath:/templates/ (please add some templates, check your Groovy configuration, or set spring.groovy.template.check-template-location=false)
2018-11-06 13:56:33.290  INFO 10768 --- [    Test worker] s.a.AccountServiceApplicationTests       : Started AccountServiceApplicationTests in 5.178 seconds (JVM running for 6.979)
]]></system-out>
  <system-err><![CDATA[]]></system-err>
</testsuite>
